mode: set
rhapp/main.go:41.13,202.2 99 0
rhapp/docs/docs.go:3812.13,3814.2 1 0
rhapp/internal/domain/agregados/document_aggregate.go:18.66,21.2 2 0
rhapp/internal/domain/agregados/document_aggregate.go:23.73,25.36 2 0
rhapp/internal/domain/agregados/document_aggregate.go:25.36,26.19 1 0
rhapp/internal/domain/agregados/document_aggregate.go:26.19,28.4 1 0
rhapp/internal/domain/agregados/document_aggregate.go:30.2,30.15 1 0
rhapp/internal/domain/agregados/employee_aggregate.go:21.68,23.2 1 0
rhapp/internal/domain/agregados/employee_aggregate.go:25.73,27.2 1 0
rhapp/internal/domain/agregados/employee_aggregate.go:29.82,31.2 1 0
rhapp/internal/domain/agregados/employee_aggregate.go:33.73,34.30 1 0
rhapp/internal/domain/agregados/employee_aggregate.go:34.30,36.3 1 0
rhapp/internal/domain/agregados/employee_aggregate.go:37.2,38.45 2 0
rhapp/internal/domain/agregados/employee_aggregate.go:41.66,43.2 1 0
rhapp/internal/domain/agregados/employee_aggregate.go:45.79,46.39 1 0
rhapp/internal/domain/agregados/employee_aggregate.go:46.39,47.46 1 0
rhapp/internal/domain/agregados/employee_aggregate.go:47.46,50.4 2 0
rhapp/internal/domain/agregados/employee_aggregate.go:52.2,52.62 1 0
rhapp/internal/domain/agregados/location_aggregate.go:16.72,18.2 1 0
rhapp/internal/domain/agregados/location_aggregate.go:20.64,22.2 1 0
rhapp/internal/domain/agregados/location_aggregate.go:24.107,26.34 2 0
rhapp/internal/domain/agregados/location_aggregate.go:26.34,27.41 1 0
rhapp/internal/domain/agregados/location_aggregate.go:27.41,29.4 1 0
rhapp/internal/domain/agregados/location_aggregate.go:31.2,31.15 1 0
rhapp/internal/domain/agregados/org_structure_aggregate.go:17.75,19.2 1 0
rhapp/internal/domain/agregados/org_structure_aggregate.go:21.105,22.31 1 0
rhapp/internal/domain/agregados/org_structure_aggregate.go:22.31,23.36 1 0
rhapp/internal/domain/agregados/org_structure_aggregate.go:23.36,27.4 3 0
rhapp/internal/domain/agregados/org_structure_aggregate.go:29.2,31.44 3 0
rhapp/internal/domain/agregados/org_structure_aggregate.go:34.109,35.31 1 0
rhapp/internal/domain/agregados/org_structure_aggregate.go:35.31,36.40 1 0
rhapp/internal/domain/agregados/org_structure_aggregate.go:36.40,40.4 3 0
rhapp/internal/domain/vos/address.go:12.48,14.18 2 0
rhapp/internal/domain/vos/address.go:14.18,16.3 1 0
rhapp/internal/domain/vos/address.go:17.2,17.20 1 0
rhapp/internal/domain/vos/address.go:17.20,19.3 1 0
rhapp/internal/domain/vos/address.go:20.2,20.26 1 0
rhapp/internal/domain/vos/address.go:23.34,25.2 1 0
rhapp/internal/domain/vos/address.go:27.43,29.16 2 0
rhapp/internal/domain/vos/address.go:29.16,30.13 1 0
rhapp/internal/domain/vos/address.go:32.2,32.13 1 0
rhapp/internal/domain/vos/bi.go:14.35,15.30 1 0
rhapp/internal/domain/vos/bi.go:15.30,17.3 1 0
rhapp/internal/domain/vos/bi.go:18.2,18.20 1 0
rhapp/internal/domain/vos/bi.go:21.29,23.2 1 0
rhapp/internal/domain/vos/bi.go:25.33,27.16 2 0
rhapp/internal/domain/vos/bi.go:27.16,28.13 1 0
rhapp/internal/domain/vos/bi.go:30.2,30.11 1 0
rhapp/internal/domain/vos/birthdate.go:14.54,16.16 2 0
rhapp/internal/domain/vos/birthdate.go:16.16,18.3 1 0
rhapp/internal/domain/vos/birthdate.go:19.2,19.25 1 0
rhapp/internal/domain/vos/birthdate.go:19.25,21.3 1 0
rhapp/internal/domain/vos/birthdate.go:22.2,22.33 1 0
rhapp/internal/domain/vos/birthdate.go:25.36,27.2 1 0
rhapp/internal/domain/vos/birthdate.go:29.37,31.2 1 0
rhapp/internal/domain/vos/birthdate.go:33.35,35.2 1 0
rhapp/internal/domain/vos/birthdate.go:37.47,39.16 2 0
rhapp/internal/domain/vos/birthdate.go:39.16,40.13 1 0
rhapp/internal/domain/vos/birthdate.go:42.2,42.12 1 0
rhapp/internal/domain/vos/contract_type.go:17.55,19.25 2 0
rhapp/internal/domain/vos/contract_type.go:19.25,21.3 1 0
rhapp/internal/domain/vos/contract_type.go:22.2,22.30 1 0
rhapp/internal/domain/vos/contract_type.go:25.39,27.2 1 0
rhapp/internal/domain/vos/contract_type.go:29.53,31.16 2 0
rhapp/internal/domain/vos/contract_type.go:31.16,32.13 1 0
rhapp/internal/domain/vos/contract_type.go:34.2,34.12 1 0
rhapp/internal/domain/vos/district.go:12.50,14.18 2 0
rhapp/internal/domain/vos/district.go:14.18,16.3 1 0
rhapp/internal/domain/vos/district.go:17.2,17.19 1 0
rhapp/internal/domain/vos/district.go:17.19,19.3 1 0
rhapp/internal/domain/vos/district.go:20.2,20.27 1 0
rhapp/internal/domain/vos/district.go:23.35,25.2 1 0
rhapp/internal/domain/vos/district.go:27.45,29.16 2 0
rhapp/internal/domain/vos/district.go:29.16,30.13 1 0
rhapp/internal/domain/vos/district.go:32.2,32.12 1 0
rhapp/internal/domain/vos/document_owner_type.go:16.43,17.11 1 0
rhapp/internal/domain/vos/document_owner_type.go:18.53,19.14 1 0
rhapp/internal/domain/vos/document_owner_type.go:21.2,21.14 1 0
rhapp/internal/domain/vos/document_owner_type.go:24.44,26.2 1 0
rhapp/internal/domain/vos/document_type.go:20.58,22.22 2 0
rhapp/internal/domain/vos/document_type.go:22.22,24.3 1 0
rhapp/internal/domain/vos/document_type.go:25.2,25.29 1 0
rhapp/internal/domain/vos/document_type.go:28.39,30.2 1 0
rhapp/internal/domain/vos/document_type.go:32.53,34.16 2 0
rhapp/internal/domain/vos/document_type.go:34.16,35.13 1 0
rhapp/internal/domain/vos/document_type.go:37.2,37.12 1 0
rhapp/internal/domain/vos/document_url.go:13.56,16.16 3 0
rhapp/internal/domain/vos/document_url.go:16.16,18.3 1 0
rhapp/internal/domain/vos/document_url.go:19.2,19.37 1 0
rhapp/internal/domain/vos/document_url.go:22.38,24.2 1 0
rhapp/internal/domain/vos/document_url.go:26.51,28.16 2 0
rhapp/internal/domain/vos/document_url.go:28.16,29.13 1 0
rhapp/internal/domain/vos/document_url.go:31.2,31.12 1 0
rhapp/internal/domain/vos/email.go:12.44,13.72 1 0
rhapp/internal/domain/vos/email.go:13.72,15.3 1 0
rhapp/internal/domain/vos/email.go:16.2,16.26 1 0
rhapp/internal/domain/vos/email.go:19.32,21.2 1 0
rhapp/internal/domain/vos/email.go:23.39,25.16 2 0
rhapp/internal/domain/vos/email.go:25.16,26.13 1 0
rhapp/internal/domain/vos/email.go:28.2,28.12 1 0
rhapp/internal/domain/vos/emp_status.go:19.67,21.40 2 0
rhapp/internal/domain/vos/emp_status.go:21.40,23.3 1 0
rhapp/internal/domain/vos/emp_status.go:24.2,24.40 1 0
rhapp/internal/domain/vos/emp_status.go:27.41,29.2 1 0
rhapp/internal/domain/vos/emp_status.go:31.62,33.16 2 0
rhapp/internal/domain/vos/emp_status.go:33.16,34.13 1 0
rhapp/internal/domain/vos/emp_status.go:36.2,36.12 1 0
rhapp/internal/domain/vos/emp_status_reason.go:23.58,26.33 2 0
rhapp/internal/domain/vos/emp_status_reason.go:26.33,28.3 1 0
rhapp/internal/domain/vos/emp_status_reason.go:30.2,30.25 1 0
rhapp/internal/domain/vos/emp_status_reason.go:30.25,32.3 1 0
rhapp/internal/domain/vos/emp_status_reason.go:34.2,34.27 1 0
rhapp/internal/domain/vos/emp_status_reason.go:34.27,36.3 1 0
rhapp/internal/domain/vos/emp_status_reason.go:38.2,38.38 1 0
rhapp/internal/domain/vos/emp_status_reason.go:42.39,44.2 1 0
rhapp/internal/domain/vos/emp_status_reason.go:46.53,48.16 2 0
rhapp/internal/domain/vos/emp_status_reason.go:48.16,49.13 1 0
rhapp/internal/domain/vos/emp_status_reason.go:51.2,51.12 1 0
rhapp/internal/domain/vos/file_extension.go:21.58,23.27 2 0
rhapp/internal/domain/vos/file_extension.go:23.27,25.3 1 0
rhapp/internal/domain/vos/file_extension.go:26.2,26.30 1 0
rhapp/internal/domain/vos/file_extension.go:29.40,31.2 1 0
rhapp/internal/domain/vos/file_extension.go:33.55,35.16 2 0
rhapp/internal/domain/vos/file_extension.go:35.16,36.13 1 0
rhapp/internal/domain/vos/file_extension.go:38.2,38.12 1 0
rhapp/internal/domain/vos/filename.go:13.50,15.17 2 0
rhapp/internal/domain/vos/filename.go:15.17,17.3 1 0
rhapp/internal/domain/vos/filename.go:18.2,18.22 1 0
rhapp/internal/domain/vos/filename.go:18.22,20.3 1 0
rhapp/internal/domain/vos/filename.go:21.2,21.59 1 0
rhapp/internal/domain/vos/filename.go:21.59,23.3 1 0
rhapp/internal/domain/vos/filename.go:24.2,24.29 1 0
rhapp/internal/domain/vos/filename.go:27.35,29.2 1 0
rhapp/internal/domain/vos/filename.go:31.45,33.16 2 0
rhapp/internal/domain/vos/filename.go:33.16,34.13 1 0
rhapp/internal/domain/vos/filename.go:36.2,36.12 1 0
rhapp/internal/domain/vos/gender.go:19.50,22.36 2 0
rhapp/internal/domain/vos/gender.go:22.36,24.3 1 0
rhapp/internal/domain/vos/gender.go:26.2,26.35 1 0
rhapp/internal/domain/vos/gender.go:29.33,31.2 1 0
rhapp/internal/domain/vos/gender.go:33.41,35.16 2 0
rhapp/internal/domain/vos/gender.go:35.16,36.13 1 0
rhapp/internal/domain/vos/gender.go:38.2,38.12 1 0
rhapp/internal/domain/vos/iban.go:15.41,17.34 2 0
rhapp/internal/domain/vos/iban.go:17.34,19.3 1 0
rhapp/internal/domain/vos/iban.go:20.2,20.24 1 0
rhapp/internal/domain/vos/iban.go:23.31,25.2 1 0
rhapp/internal/domain/vos/iban.go:27.37,29.16 2 0
rhapp/internal/domain/vos/iban.go:29.16,30.13 1 0
rhapp/internal/domain/vos/iban.go:32.2,32.12 1 0
rhapp/internal/domain/vos/marital_status.go:19.65,22.30 2 0
rhapp/internal/domain/vos/marital_status.go:22.30,24.3 1 0
rhapp/internal/domain/vos/marital_status.go:26.2,26.30 1 0
rhapp/internal/domain/vos/marital_status.go:30.40,32.2 1 0
rhapp/internal/domain/vos/marital_status.go:34.55,36.16 2 0
rhapp/internal/domain/vos/marital_status.go:36.16,37.13 1 0
rhapp/internal/domain/vos/marital_status.go:39.2,39.12 1 0
rhapp/internal/domain/vos/municipality.go:12.58,14.18 2 0
rhapp/internal/domain/vos/municipality.go:14.18,16.3 1 0
rhapp/internal/domain/vos/municipality.go:17.2,17.19 1 0
rhapp/internal/domain/vos/municipality.go:17.19,19.3 1 0
rhapp/internal/domain/vos/municipality.go:20.2,20.31 1 0
rhapp/internal/domain/vos/municipality.go:23.39,25.2 1 0
rhapp/internal/domain/vos/municipality.go:27.53,29.16 2 0
rhapp/internal/domain/vos/municipality.go:29.16,30.13 1 0
rhapp/internal/domain/vos/municipality.go:32.2,32.12 1 0
rhapp/internal/domain/vos/nationality.go:15.56,17.42 2 0
rhapp/internal/domain/vos/nationality.go:17.42,19.3 1 0
rhapp/internal/domain/vos/nationality.go:20.2,20.32 1 0
rhapp/internal/domain/vos/nationality.go:23.38,25.2 1 0
rhapp/internal/domain/vos/nationality.go:27.51,29.16 2 0
rhapp/internal/domain/vos/nationality.go:29.16,30.13 1 0
rhapp/internal/domain/vos/nationality.go:32.2,32.12 1 0
rhapp/internal/domain/vos/personal_name.go:13.58,15.23 2 0
rhapp/internal/domain/vos/personal_name.go:15.23,17.3 1 0
rhapp/internal/domain/vos/personal_name.go:18.2,18.72 1 0
rhapp/internal/domain/vos/personal_name.go:18.72,20.3 1 0
rhapp/internal/domain/vos/personal_name.go:21.2,21.39 1 0
rhapp/internal/domain/vos/personal_name.go:24.39,26.2 1 0
rhapp/internal/domain/vos/personal_name.go:28.53,30.16 2 0
rhapp/internal/domain/vos/personal_name.go:30.16,31.13 1 0
rhapp/internal/domain/vos/personal_name.go:33.2,33.12 1 0
rhapp/internal/domain/vos/phone_number.go:12.57,13.62 1 0
rhapp/internal/domain/vos/phone_number.go:13.62,15.3 1 0
rhapp/internal/domain/vos/phone_number.go:16.2,16.33 1 0
rhapp/internal/domain/vos/phone_number.go:19.38,21.2 1 0
rhapp/internal/domain/vos/phone_number.go:23.51,25.16 2 0
rhapp/internal/domain/vos/phone_number.go:25.16,26.13 1 0
rhapp/internal/domain/vos/phone_number.go:28.2,28.12 1 0
rhapp/internal/domain/vos/province.go:11.41,14.2 2 0
rhapp/internal/domain/vos/province.go:16.35,18.2 1 0
rhapp/internal/domain/vos/relationship.go:14.66,17.28 3 0
rhapp/internal/domain/vos/relationship.go:17.28,18.22 1 0
rhapp/internal/domain/vos/relationship.go:18.22,20.4 1 0
rhapp/internal/domain/vos/relationship.go:22.2,22.103 1 0
rhapp/internal/domain/vos/relationship.go:25.43,27.2 1 0
rhapp/internal/domain/vos/relationship.go:29.61,31.16 2 0
rhapp/internal/domain/vos/relationship.go:31.16,32.13 1 0
rhapp/internal/domain/vos/relationship.go:34.2,34.12 1 0
rhapp/internal/domain/vos/salary.go:13.47,14.15 1 0
rhapp/internal/domain/vos/salary.go:14.15,16.3 1 0
rhapp/internal/domain/vos/salary.go:17.2,17.35 1 0
rhapp/internal/domain/vos/salary.go:17.35,19.3 1 0
rhapp/internal/domain/vos/salary.go:20.2,20.27 1 0
rhapp/internal/domain/vos/salary.go:23.35,25.2 1 0
rhapp/internal/domain/vos/salary.go:27.42,29.16 2 0
rhapp/internal/domain/vos/salary.go:29.16,30.13 1 0
rhapp/internal/domain/vos/salary.go:32.2,32.12 1 0
rhapp/internal/domain/vos/school_degree.go:23.56,25.30 2 0
rhapp/internal/domain/vos/school_degree.go:25.30,27.3 1 0
rhapp/internal/domain/vos/school_degree.go:28.2,28.29 1 0
rhapp/internal/domain/vos/school_degree.go:31.39,33.2 1 0
rhapp/internal/domain/vos/school_degree.go:35.53,37.16 2 0
rhapp/internal/domain/vos/school_degree.go:37.16,38.13 1 0
rhapp/internal/domain/vos/school_degree.go:40.2,40.11 1 0
rhapp/internal/domain/vos/social_security.go:15.62,17.31 2 0
rhapp/internal/domain/vos/social_security.go:17.31,19.3 1 0
rhapp/internal/domain/vos/social_security.go:20.2,20.33 1 0
rhapp/internal/domain/vos/social_security.go:23.41,25.2 1 0
rhapp/internal/domain/vos/social_security.go:27.57,29.16 2 0
rhapp/internal/domain/vos/social_security.go:29.16,30.13 1 0
rhapp/internal/domain/vos/social_security.go:32.2,32.11 1 0
rhapp/internal/infrastructure/redisdb/redis.go:16.18,18.16 2 0
rhapp/internal/infrastructure/redisdb/redis.go:18.16,20.3 1 0
rhapp/internal/infrastructure/redisdb/redis.go:22.2,31.53 4 0
rhapp/internal/infrastructure/redisdb/redis.go:31.53,33.3 1 0
rhapp/internal/infrastructure/redisdb/redis.go:35.2,35.48 1 0
rhapp/internal/infrastructure/postgresdb/postgres.go:14.21,16.17 2 0
rhapp/internal/infrastructure/postgresdb/postgres.go:16.17,18.3 1 0
rhapp/internal/infrastructure/postgresdb/postgres.go:20.2,22.16 3 0
rhapp/internal/infrastructure/postgresdb/postgres.go:22.16,24.3 1 0
rhapp/internal/infrastructure/postgresdb/postgres.go:26.2,30.34 4 0
rhapp/internal/infrastructure/postgresdb/postgres.go:30.34,32.3 1 0
rhapp/internal/infrastructure/postgresdb/postgres.go:34.2,34.56 1 0
rhapp/internal/domain/entities/education.go:26.45,27.35 1 0
rhapp/internal/domain/entities/education.go:27.35,29.3 1 0
rhapp/internal/domain/entities/education.go:30.2,30.12 1 0
rhapp/internal/domain/entities/employee.go:41.43,42.55 1 0
rhapp/internal/domain/entities/employee.go:42.55,44.3 1 0
rhapp/internal/domain/entities/employee.go:45.2,45.12 1 0
rhapp/internal/domain/entities/supervisor.go:21.46,22.55 1 0
rhapp/internal/domain/entities/supervisor.go:22.55,24.3 1 0
rhapp/internal/domain/entities/supervisor.go:25.2,25.12 1 0
rhapp/internal/domain/entities/work.go:24.40,25.35 1 0
rhapp/internal/domain/entities/work.go:25.35,27.3 1 0
rhapp/internal/domain/entities/work.go:28.2,28.12 1 0
rhapp/internal/domain/dtos/area_estudo.go:28.75,36.2 1 0
rhapp/internal/domain/dtos/area_estudo.go:38.79,47.2 2 0
rhapp/internal/domain/dtos/area_estudo.go:49.87,51.26 2 0
rhapp/internal/domain/dtos/area_estudo.go:51.26,53.3 1 0
rhapp/internal/domain/dtos/area_estudo.go:54.2,54.15 1 0
rhapp/internal/domain/dtos/area_estudo.go:57.84,59.22 1 0
rhapp/internal/domain/dtos/area_estudo.go:59.22,61.3 1 0
rhapp/internal/domain/dtos/area_estudo.go:62.2,62.29 1 0
rhapp/internal/domain/dtos/area_estudo.go:62.29,64.3 1 0
rhapp/internal/domain/dtos/area_estudo.go:65.2,65.29 1 0
rhapp/internal/domain/dtos/department.go:25.75,32.2 1 0
rhapp/internal/domain/dtos/department.go:34.79,42.2 2 0
rhapp/internal/domain/dtos/department.go:44.81,45.22 1 0
rhapp/internal/domain/dtos/department.go:45.22,47.3 1 0
rhapp/internal/domain/dtos/department.go:48.2,48.26 1 0
rhapp/internal/domain/dtos/department.go:51.86,53.25 2 0
rhapp/internal/domain/dtos/department.go:53.25,55.3 1 0
rhapp/internal/domain/dtos/department.go:56.2,56.15 1 0
rhapp/internal/domain/dtos/dependent.go:39.72,51.2 1 0
rhapp/internal/domain/dtos/dependent.go:53.85,55.16 2 0
rhapp/internal/domain/dtos/dependent.go:55.16,57.3 1 0
rhapp/internal/domain/dtos/dependent.go:59.2,71.8 2 0
rhapp/internal/domain/dtos/dependent.go:74.84,75.26 1 0
rhapp/internal/domain/dtos/dependent.go:75.26,77.3 1 0
rhapp/internal/domain/dtos/dependent.go:79.2,79.30 1 0
rhapp/internal/domain/dtos/dependent.go:79.30,81.3 1 0
rhapp/internal/domain/dtos/dependent.go:83.2,83.24 1 0
rhapp/internal/domain/dtos/dependent.go:83.24,85.3 1 0
rhapp/internal/domain/dtos/dependent.go:87.2,87.29 1 0
rhapp/internal/domain/dtos/dependent.go:87.29,89.3 1 0
rhapp/internal/domain/dtos/dependent.go:91.2,94.12 3 0
rhapp/internal/domain/dtos/dependent.go:97.83,99.25 2 0
rhapp/internal/domain/dtos/dependent.go:99.25,101.3 1 0
rhapp/internal/domain/dtos/dependent.go:102.2,102.15 1 0
rhapp/internal/domain/dtos/distrito.go:38.69,46.2 1 0
rhapp/internal/domain/dtos/distrito.go:48.82,50.16 2 0
rhapp/internal/domain/dtos/distrito.go:50.16,52.3 1 0
rhapp/internal/domain/dtos/distrito.go:54.2,55.16 2 0
rhapp/internal/domain/dtos/distrito.go:55.16,57.3 1 0
rhapp/internal/domain/dtos/distrito.go:59.2,67.8 2 0
rhapp/internal/domain/dtos/distrito.go:70.81,71.22 1 0
rhapp/internal/domain/dtos/distrito.go:71.22,73.17 2 0
rhapp/internal/domain/dtos/distrito.go:73.17,75.4 1 0
rhapp/internal/domain/dtos/distrito.go:76.3,76.16 1 0
rhapp/internal/domain/dtos/distrito.go:79.2,79.29 1 0
rhapp/internal/domain/dtos/distrito.go:79.29,81.17 2 0
rhapp/internal/domain/dtos/distrito.go:81.17,83.4 1 0
rhapp/internal/domain/dtos/distrito.go:84.3,84.33 1 0
rhapp/internal/domain/dtos/distrito.go:87.2,88.12 2 0
rhapp/internal/domain/dtos/distrito.go:91.80,93.25 2 0
rhapp/internal/domain/dtos/distrito.go:93.25,95.3 1 0
rhapp/internal/domain/dtos/distrito.go:96.2,96.15 1 0
rhapp/internal/domain/dtos/document.go:36.69,47.2 1 0
rhapp/internal/domain/dtos/document.go:49.82,51.16 2 0
rhapp/internal/domain/dtos/document.go:51.16,53.3 1 0
rhapp/internal/domain/dtos/document.go:55.2,56.16 2 0
rhapp/internal/domain/dtos/document.go:56.16,58.3 1 0
rhapp/internal/domain/dtos/document.go:60.2,61.26 2 0
rhapp/internal/domain/dtos/document.go:61.26,63.3 1 0
rhapp/internal/domain/dtos/document.go:65.2,66.16 2 0
rhapp/internal/domain/dtos/document.go:66.16,68.3 1 0
rhapp/internal/domain/dtos/document.go:70.2,71.16 2 0
rhapp/internal/domain/dtos/document.go:71.16,73.3 1 0
rhapp/internal/domain/dtos/document.go:75.2,84.8 1 0
rhapp/internal/domain/dtos/document.go:87.83,88.22 1 0
rhapp/internal/domain/dtos/document.go:88.22,90.17 2 0
rhapp/internal/domain/dtos/document.go:90.17,92.4 1 0
rhapp/internal/domain/dtos/document.go:93.3,93.21 1 0
rhapp/internal/domain/dtos/document.go:95.2,95.22 1 0
rhapp/internal/domain/dtos/document.go:95.22,97.17 2 0
rhapp/internal/domain/dtos/document.go:97.17,99.4 1 0
rhapp/internal/domain/dtos/document.go:100.3,100.25 1 0
rhapp/internal/domain/dtos/document.go:103.2,103.27 1 0
rhapp/internal/domain/dtos/document.go:103.27,105.3 1 0
rhapp/internal/domain/dtos/document.go:107.2,108.12 2 0
rhapp/internal/domain/dtos/document.go:111.80,113.25 2 0
rhapp/internal/domain/dtos/document.go:113.25,115.3 1 0
rhapp/internal/domain/dtos/document.go:116.2,116.15 1 0
rhapp/internal/domain/dtos/education.go:43.79,56.2 1 0
rhapp/internal/domain/dtos/education.go:58.90,60.25 2 0
rhapp/internal/domain/dtos/education.go:60.25,62.3 1 0
rhapp/internal/domain/dtos/education.go:63.2,63.15 1 0
rhapp/internal/domain/dtos/education.go:66.92,68.16 2 0
rhapp/internal/domain/dtos/education.go:68.16,70.3 1 0
rhapp/internal/domain/dtos/education.go:72.2,73.16 2 0
rhapp/internal/domain/dtos/education.go:73.16,75.3 1 0
rhapp/internal/domain/dtos/education.go:77.2,78.16 2 0
rhapp/internal/domain/dtos/education.go:78.16,80.3 1 0
rhapp/internal/domain/dtos/education.go:82.2,83.16 2 0
rhapp/internal/domain/dtos/education.go:83.16,85.3 1 0
rhapp/internal/domain/dtos/education.go:87.2,88.16 2 0
rhapp/internal/domain/dtos/education.go:88.16,90.3 1 0
rhapp/internal/domain/dtos/education.go:92.2,103.8 1 0
rhapp/internal/domain/dtos/education.go:106.91,107.29 1 0
rhapp/internal/domain/dtos/education.go:107.29,109.3 1 0
rhapp/internal/domain/dtos/education.go:110.2,110.24 1 0
rhapp/internal/domain/dtos/education.go:110.24,112.17 2 0
rhapp/internal/domain/dtos/education.go:112.17,114.4 1 0
rhapp/internal/domain/dtos/education.go:115.3,115.17 1 0
rhapp/internal/domain/dtos/education.go:117.2,117.30 1 0
rhapp/internal/domain/dtos/education.go:117.30,119.17 2 0
rhapp/internal/domain/dtos/education.go:119.17,121.4 1 0
rhapp/internal/domain/dtos/education.go:122.3,122.27 1 0
rhapp/internal/domain/dtos/education.go:124.2,124.27 1 0
rhapp/internal/domain/dtos/education.go:124.27,126.17 2 0
rhapp/internal/domain/dtos/education.go:126.17,128.4 1 0
rhapp/internal/domain/dtos/education.go:129.3,129.22 1 0
rhapp/internal/domain/dtos/education.go:131.2,131.25 1 0
rhapp/internal/domain/dtos/education.go:131.25,133.17 2 0
rhapp/internal/domain/dtos/education.go:133.17,135.4 1 0
rhapp/internal/domain/dtos/education.go:136.3,136.18 1 0
rhapp/internal/domain/dtos/education.go:138.2,138.29 1 0
rhapp/internal/domain/dtos/education.go:138.29,140.3 1 0
rhapp/internal/domain/dtos/education.go:142.2,143.12 2 0
rhapp/internal/domain/dtos/emp_status.go:37.87,39.22 2 0
rhapp/internal/domain/dtos/emp_status.go:39.22,42.3 2 0
rhapp/internal/domain/dtos/emp_status.go:44.2,53.3 1 0
rhapp/internal/domain/dtos/emp_status.go:56.98,58.25 2 0
rhapp/internal/domain/dtos/emp_status.go:58.25,60.3 1 0
rhapp/internal/domain/dtos/emp_status.go:61.2,61.15 1 0
rhapp/internal/domain/dtos/emp_status.go:64.100,66.16 2 0
rhapp/internal/domain/dtos/emp_status.go:66.16,68.3 1 0
rhapp/internal/domain/dtos/emp_status.go:70.2,71.16 2 0
rhapp/internal/domain/dtos/emp_status.go:71.16,73.3 1 0
rhapp/internal/domain/dtos/emp_status.go:75.2,76.16 2 0
rhapp/internal/domain/dtos/emp_status.go:76.16,78.3 1 0
rhapp/internal/domain/dtos/emp_status.go:80.2,81.16 2 0
rhapp/internal/domain/dtos/emp_status.go:81.16,83.3 1 0
rhapp/internal/domain/dtos/emp_status.go:85.2,86.25 2 0
rhapp/internal/domain/dtos/emp_status.go:86.25,88.17 2 0
rhapp/internal/domain/dtos/emp_status.go:88.17,90.4 1 0
rhapp/internal/domain/dtos/emp_status.go:91.3,91.11 1 0
rhapp/internal/domain/dtos/emp_status.go:94.2,105.8 2 0
rhapp/internal/domain/dtos/emp_status.go:108.100,109.24 1 0
rhapp/internal/domain/dtos/emp_status.go:109.24,111.17 2 0
rhapp/internal/domain/dtos/emp_status.go:111.17,113.4 1 0
rhapp/internal/domain/dtos/emp_status.go:114.3,114.21 1 0
rhapp/internal/domain/dtos/emp_status.go:117.2,117.24 1 0
rhapp/internal/domain/dtos/emp_status.go:117.24,119.17 2 0
rhapp/internal/domain/dtos/emp_status.go:119.17,121.4 1 0
rhapp/internal/domain/dtos/emp_status.go:122.3,122.21 1 0
rhapp/internal/domain/dtos/emp_status.go:125.2,125.27 1 0
rhapp/internal/domain/dtos/emp_status.go:125.27,127.17 2 0
rhapp/internal/domain/dtos/emp_status.go:127.17,129.4 1 0
rhapp/internal/domain/dtos/emp_status.go:130.3,130.23 1 0
rhapp/internal/domain/dtos/emp_status.go:133.2,133.25 1 0
rhapp/internal/domain/dtos/emp_status.go:133.25,135.17 2 0
rhapp/internal/domain/dtos/emp_status.go:135.17,137.4 1 0
rhapp/internal/domain/dtos/emp_status.go:138.3,138.20 1 0
rhapp/internal/domain/dtos/emp_status.go:141.2,142.12 2 0
rhapp/internal/domain/dtos/employee.go:74.69,76.27 2 0
rhapp/internal/domain/dtos/employee.go:76.27,79.3 2 0
rhapp/internal/domain/dtos/employee.go:81.2,105.3 1 0
rhapp/internal/domain/dtos/employee.go:108.80,110.25 2 0
rhapp/internal/domain/dtos/employee.go:110.25,112.3 1 0
rhapp/internal/domain/dtos/employee.go:113.2,113.15 1 0
rhapp/internal/domain/dtos/employee.go:116.82,118.16 2 0
rhapp/internal/domain/dtos/employee.go:118.16,120.3 1 0
rhapp/internal/domain/dtos/employee.go:122.2,123.16 2 0
rhapp/internal/domain/dtos/employee.go:123.16,125.3 1 0
rhapp/internal/domain/dtos/employee.go:127.2,128.16 2 0
rhapp/internal/domain/dtos/employee.go:128.16,130.3 1 0
rhapp/internal/domain/dtos/employee.go:132.2,133.16 2 0
rhapp/internal/domain/dtos/employee.go:133.16,135.3 1 0
rhapp/internal/domain/dtos/employee.go:137.2,138.30 2 0
rhapp/internal/domain/dtos/employee.go:138.30,140.17 2 0
rhapp/internal/domain/dtos/employee.go:140.17,142.4 1 0
rhapp/internal/domain/dtos/employee.go:143.3,143.21 1 0
rhapp/internal/domain/dtos/employee.go:146.2,147.16 2 0
rhapp/internal/domain/dtos/employee.go:147.16,149.3 1 0
rhapp/internal/domain/dtos/employee.go:151.2,152.16 2 0
rhapp/internal/domain/dtos/employee.go:152.16,154.3 1 0
rhapp/internal/domain/dtos/employee.go:156.2,157.16 2 0
rhapp/internal/domain/dtos/employee.go:157.16,159.3 1 0
rhapp/internal/domain/dtos/employee.go:161.2,162.16 2 0
rhapp/internal/domain/dtos/employee.go:162.16,164.3 1 0
rhapp/internal/domain/dtos/employee.go:166.2,167.16 2 0
rhapp/internal/domain/dtos/employee.go:167.16,169.3 1 0
rhapp/internal/domain/dtos/employee.go:171.2,172.16 2 0
rhapp/internal/domain/dtos/employee.go:172.16,174.3 1 0
rhapp/internal/domain/dtos/employee.go:176.2,177.16 2 0
rhapp/internal/domain/dtos/employee.go:177.16,179.3 1 0
rhapp/internal/domain/dtos/employee.go:181.2,182.16 2 0
rhapp/internal/domain/dtos/employee.go:182.16,184.3 1 0
rhapp/internal/domain/dtos/employee.go:186.2,187.16 2 0
rhapp/internal/domain/dtos/employee.go:187.16,189.3 1 0
rhapp/internal/domain/dtos/employee.go:191.2,192.16 2 0
rhapp/internal/domain/dtos/employee.go:192.16,194.3 1 0
rhapp/internal/domain/dtos/employee.go:196.2,197.16 2 0
rhapp/internal/domain/dtos/employee.go:197.16,199.3 1 0
rhapp/internal/domain/dtos/employee.go:201.2,202.16 2 0
rhapp/internal/domain/dtos/employee.go:202.16,204.3 1 0
rhapp/internal/domain/dtos/employee.go:206.2,207.16 2 0
rhapp/internal/domain/dtos/employee.go:207.16,209.3 1 0
rhapp/internal/domain/dtos/employee.go:211.2,237.8 2 0
rhapp/internal/domain/dtos/employee.go:240.81,241.31 1 0
rhapp/internal/domain/dtos/employee.go:241.31,243.17 2 0
rhapp/internal/domain/dtos/employee.go:243.17,245.4 1 0
rhapp/internal/domain/dtos/employee.go:246.3,246.27 1 0
rhapp/internal/domain/dtos/employee.go:249.2,249.29 1 0
rhapp/internal/domain/dtos/employee.go:249.29,251.17 2 0
rhapp/internal/domain/dtos/employee.go:251.17,253.4 1 0
rhapp/internal/domain/dtos/employee.go:254.3,254.24 1 0
rhapp/internal/domain/dtos/employee.go:257.2,257.23 1 0
rhapp/internal/domain/dtos/employee.go:257.23,259.17 2 0
rhapp/internal/domain/dtos/employee.go:259.17,261.4 1 0
rhapp/internal/domain/dtos/employee.go:262.3,262.18 1 0
rhapp/internal/domain/dtos/employee.go:265.2,265.22 1 0
rhapp/internal/domain/dtos/employee.go:265.22,267.17 2 0
rhapp/internal/domain/dtos/employee.go:267.17,269.4 1 0
rhapp/internal/domain/dtos/employee.go:270.3,270.16 1 0
rhapp/internal/domain/dtos/employee.go:273.2,273.30 1 0
rhapp/internal/domain/dtos/employee.go:273.30,275.17 2 0
rhapp/internal/domain/dtos/employee.go:275.17,277.4 1 0
rhapp/internal/domain/dtos/employee.go:278.3,278.26 1 0
rhapp/internal/domain/dtos/employee.go:281.2,281.28 1 0
rhapp/internal/domain/dtos/employee.go:281.28,283.17 2 0
rhapp/internal/domain/dtos/employee.go:283.17,285.4 1 0
rhapp/internal/domain/dtos/employee.go:286.3,286.23 1 0
rhapp/internal/domain/dtos/employee.go:289.2,289.25 1 0
rhapp/internal/domain/dtos/employee.go:289.25,291.17 2 0
rhapp/internal/domain/dtos/employee.go:291.17,293.4 1 0
rhapp/internal/domain/dtos/employee.go:294.3,294.22 1 0
rhapp/internal/domain/dtos/employee.go:297.2,297.28 1 0
rhapp/internal/domain/dtos/employee.go:297.28,299.17 2 0
rhapp/internal/domain/dtos/employee.go:299.17,301.4 1 0
rhapp/internal/domain/dtos/employee.go:302.3,302.26 1 0
rhapp/internal/domain/dtos/employee.go:305.2,305.30 1 0
rhapp/internal/domain/dtos/employee.go:305.30,307.17 2 0
rhapp/internal/domain/dtos/employee.go:307.17,309.4 1 0
rhapp/internal/domain/dtos/employee.go:310.3,310.28 1 0
rhapp/internal/domain/dtos/employee.go:313.2,313.22 1 0
rhapp/internal/domain/dtos/employee.go:313.22,315.17 2 0
rhapp/internal/domain/dtos/employee.go:315.17,317.4 1 0
rhapp/internal/domain/dtos/employee.go:318.3,318.20 1 0
rhapp/internal/domain/dtos/employee.go:321.2,321.30 1 0
rhapp/internal/domain/dtos/employee.go:321.30,323.17 2 0
rhapp/internal/domain/dtos/employee.go:323.17,325.4 1 0
rhapp/internal/domain/dtos/employee.go:326.3,326.33 1 0
rhapp/internal/domain/dtos/employee.go:329.2,329.27 1 0
rhapp/internal/domain/dtos/employee.go:329.27,331.3 1 0
rhapp/internal/domain/dtos/employee.go:333.2,334.12 2 0
rhapp/internal/domain/dtos/municipio.go:38.75,46.2 1 0
rhapp/internal/domain/dtos/municipio.go:48.86,50.25 2 0
rhapp/internal/domain/dtos/municipio.go:50.25,52.3 1 0
rhapp/internal/domain/dtos/municipio.go:53.2,53.15 1 0
rhapp/internal/domain/dtos/municipio.go:56.88,58.16 2 0
rhapp/internal/domain/dtos/municipio.go:58.16,60.3 1 0
rhapp/internal/domain/dtos/municipio.go:62.2,63.16 2 0
rhapp/internal/domain/dtos/municipio.go:63.16,65.3 1 0
rhapp/internal/domain/dtos/municipio.go:67.2,75.8 2 0
rhapp/internal/domain/dtos/municipio.go:78.87,79.22 1 0
rhapp/internal/domain/dtos/municipio.go:79.22,81.17 2 0
rhapp/internal/domain/dtos/municipio.go:81.17,83.4 1 0
rhapp/internal/domain/dtos/municipio.go:84.3,84.16 1 0
rhapp/internal/domain/dtos/municipio.go:87.2,87.29 1 0
rhapp/internal/domain/dtos/municipio.go:87.29,89.17 2 0
rhapp/internal/domain/dtos/municipio.go:89.17,91.4 1 0
rhapp/internal/domain/dtos/municipio.go:92.3,92.29 1 0
rhapp/internal/domain/dtos/municipio.go:95.2,96.12 2 0
rhapp/internal/domain/dtos/position.go:37.69,45.2 1 0
rhapp/internal/domain/dtos/position.go:47.80,49.25 2 0
rhapp/internal/domain/dtos/position.go:49.25,51.3 1 0
rhapp/internal/domain/dtos/position.go:52.2,52.15 1 0
rhapp/internal/domain/dtos/position.go:55.82,57.16 2 0
rhapp/internal/domain/dtos/position.go:57.16,59.3 1 0
rhapp/internal/domain/dtos/position.go:61.2,69.8 2 0
rhapp/internal/domain/dtos/position.go:72.81,73.22 1 0
rhapp/internal/domain/dtos/position.go:73.22,75.3 1 0
rhapp/internal/domain/dtos/position.go:77.2,77.30 1 0
rhapp/internal/domain/dtos/position.go:77.30,79.17 2 0
rhapp/internal/domain/dtos/position.go:79.17,81.4 1 0
rhapp/internal/domain/dtos/position.go:82.3,82.26 1 0
rhapp/internal/domain/dtos/position.go:85.2,86.12 2 0
rhapp/internal/domain/dtos/province.go:34.82,45.2 3 1
rhapp/internal/domain/dtos/province.go:47.81,48.22 1 1
rhapp/internal/domain/dtos/province.go:48.22,51.3 2 1
rhapp/internal/domain/dtos/province.go:53.2,54.12 2 1
rhapp/internal/domain/dtos/province.go:57.69,64.2 1 1
rhapp/internal/domain/dtos/province.go:66.80,68.25 2 1
rhapp/internal/domain/dtos/province.go:68.25,70.3 1 1
rhapp/internal/domain/dtos/province.go:71.2,71.15 1 1
rhapp/internal/domain/dtos/supervisor.go:33.82,35.27 2 0
rhapp/internal/domain/dtos/supervisor.go:35.27,38.3 2 0
rhapp/internal/domain/dtos/supervisor.go:40.2,41.22 2 0
rhapp/internal/domain/dtos/supervisor.go:41.22,44.3 2 0
rhapp/internal/domain/dtos/supervisor.go:46.2,54.3 1 0
rhapp/internal/domain/dtos/supervisor.go:57.95,59.16 2 0
rhapp/internal/domain/dtos/supervisor.go:59.16,61.3 1 0
rhapp/internal/domain/dtos/supervisor.go:63.2,64.31 2 0
rhapp/internal/domain/dtos/supervisor.go:64.31,66.17 2 0
rhapp/internal/domain/dtos/supervisor.go:66.17,68.4 1 0
rhapp/internal/domain/dtos/supervisor.go:69.3,69.22 1 0
rhapp/internal/domain/dtos/supervisor.go:72.2,73.16 2 0
rhapp/internal/domain/dtos/supervisor.go:73.16,75.3 1 0
rhapp/internal/domain/dtos/supervisor.go:77.2,78.25 2 0
rhapp/internal/domain/dtos/supervisor.go:78.25,80.17 2 0
rhapp/internal/domain/dtos/supervisor.go:80.17,82.4 1 0
rhapp/internal/domain/dtos/supervisor.go:83.3,83.16 1 0
rhapp/internal/domain/dtos/supervisor.go:86.2,96.8 2 0
rhapp/internal/domain/dtos/supervisor.go:99.94,100.31 1 0
rhapp/internal/domain/dtos/supervisor.go:100.31,102.17 2 0
rhapp/internal/domain/dtos/supervisor.go:102.17,104.4 1 0
rhapp/internal/domain/dtos/supervisor.go:105.3,105.24 1 0
rhapp/internal/domain/dtos/supervisor.go:107.2,107.27 1 0
rhapp/internal/domain/dtos/supervisor.go:107.27,109.17 2 0
rhapp/internal/domain/dtos/supervisor.go:109.17,111.4 1 0
rhapp/internal/domain/dtos/supervisor.go:112.3,112.26 1 0
rhapp/internal/domain/dtos/supervisor.go:114.2,114.25 1 0
rhapp/internal/domain/dtos/supervisor.go:114.25,116.17 2 0
rhapp/internal/domain/dtos/supervisor.go:116.17,118.4 1 0
rhapp/internal/domain/dtos/supervisor.go:119.3,119.23 1 0
rhapp/internal/domain/dtos/supervisor.go:122.2,123.12 2 0
rhapp/internal/domain/dtos/work.go:39.64,41.25 2 0
rhapp/internal/domain/dtos/work.go:41.25,44.3 2 0
rhapp/internal/domain/dtos/work.go:46.2,56.3 1 0
rhapp/internal/domain/dtos/work.go:59.75,61.25 2 0
rhapp/internal/domain/dtos/work.go:61.25,63.3 1 0
rhapp/internal/domain/dtos/work.go:64.2,64.15 1 0
rhapp/internal/domain/dtos/work.go:67.77,69.16 2 0
rhapp/internal/domain/dtos/work.go:69.16,71.3 1 0
rhapp/internal/domain/dtos/work.go:73.2,78.16 4 0
rhapp/internal/domain/dtos/work.go:78.16,80.3 1 0
rhapp/internal/domain/dtos/work.go:82.2,83.25 2 0
rhapp/internal/domain/dtos/work.go:83.25,85.17 2 0
rhapp/internal/domain/dtos/work.go:85.17,87.4 1 0
rhapp/internal/domain/dtos/work.go:88.3,88.16 1 0
rhapp/internal/domain/dtos/work.go:91.2,103.8 2 0
rhapp/internal/domain/dtos/work.go:106.76,107.25 1 0
rhapp/internal/domain/dtos/work.go:107.25,109.3 1 0
rhapp/internal/domain/dtos/work.go:111.2,111.26 1 0
rhapp/internal/domain/dtos/work.go:111.26,113.3 1 0
rhapp/internal/domain/dtos/work.go:115.2,115.27 1 0
rhapp/internal/domain/dtos/work.go:115.27,117.17 2 0
rhapp/internal/domain/dtos/work.go:117.17,119.4 1 0
rhapp/internal/domain/dtos/work.go:120.3,120.22 1 0
rhapp/internal/domain/dtos/work.go:123.2,123.25 1 0
rhapp/internal/domain/dtos/work.go:123.25,125.17 2 0
rhapp/internal/domain/dtos/work.go:125.17,127.4 1 0
rhapp/internal/domain/dtos/work.go:128.3,128.18 1 0
rhapp/internal/domain/dtos/work.go:131.2,131.34 1 0
rhapp/internal/domain/dtos/work.go:131.34,133.3 1 0
rhapp/internal/domain/dtos/work.go:135.2,136.12 2 0
rhapp/internal/infrastructure/persistence/aggregate_document.go:19.82,21.2 1 0
rhapp/internal/infrastructure/persistence/aggregate_document.go:23.163,31.16 3 0
rhapp/internal/infrastructure/persistence/aggregate_document.go:31.16,33.3 1 0
rhapp/internal/infrastructure/persistence/aggregate_document.go:34.2,37.18 3 0
rhapp/internal/infrastructure/persistence/aggregate_document.go:37.18,47.17 2 0
rhapp/internal/infrastructure/persistence/aggregate_document.go:47.17,49.4 1 0
rhapp/internal/infrastructure/persistence/aggregate_document.go:50.3,52.27 3 0
rhapp/internal/infrastructure/persistence/aggregate_document.go:55.2,55.35 1 0
rhapp/internal/infrastructure/persistence/aggregate_document.go:55.35,57.3 1 0
rhapp/internal/infrastructure/persistence/aggregate_document.go:59.2,63.8 1 0
rhapp/internal/infrastructure/persistence/aggregate_employee.go:18.82,20.2 1 0
rhapp/internal/infrastructure/persistence/aggregate_employee.go:22.126,27.16 4 0
rhapp/internal/infrastructure/persistence/aggregate_employee.go:27.16,29.3 1 0
rhapp/internal/infrastructure/persistence/aggregate_employee.go:30.2,37.16 3 0
rhapp/internal/infrastructure/persistence/aggregate_employee.go:37.16,39.3 1 0
rhapp/internal/infrastructure/persistence/aggregate_employee.go:40.2,42.28 2 0
rhapp/internal/infrastructure/persistence/aggregate_employee.go:42.28,44.173 2 0
rhapp/internal/infrastructure/persistence/aggregate_employee.go:44.173,46.4 1 0
rhapp/internal/infrastructure/persistence/aggregate_employee.go:47.3,47.45 1 0
rhapp/internal/infrastructure/persistence/aggregate_employee.go:49.2,49.45 1 0
rhapp/internal/infrastructure/persistence/aggregate_employee.go:49.45,51.3 1 0
rhapp/internal/infrastructure/persistence/aggregate_employee.go:54.2,58.16 2 0
rhapp/internal/infrastructure/persistence/aggregate_employee.go:58.16,60.3 1 0
rhapp/internal/infrastructure/persistence/aggregate_employee.go:61.2,63.21 2 0
rhapp/internal/infrastructure/persistence/aggregate_employee.go:63.21,65.154 2 0
rhapp/internal/infrastructure/persistence/aggregate_employee.go:65.154,67.4 1 0
rhapp/internal/infrastructure/persistence/aggregate_employee.go:68.3,68.61 1 0
rhapp/internal/infrastructure/persistence/aggregate_employee.go:70.2,70.38 1 0
rhapp/internal/infrastructure/persistence/aggregate_employee.go:70.38,72.3 1 0
rhapp/internal/infrastructure/persistence/aggregate_employee.go:75.2,79.16 2 0
rhapp/internal/infrastructure/persistence/aggregate_employee.go:79.16,81.3 1 0
rhapp/internal/infrastructure/persistence/aggregate_employee.go:82.2,84.22 2 0
rhapp/internal/infrastructure/persistence/aggregate_employee.go:84.22,86.141 2 0
rhapp/internal/infrastructure/persistence/aggregate_employee.go:86.141,88.4 1 0
rhapp/internal/infrastructure/persistence/aggregate_employee.go:89.3,89.51 1 0
rhapp/internal/infrastructure/persistence/aggregate_employee.go:91.2,91.39 1 0
rhapp/internal/infrastructure/persistence/aggregate_employee.go:91.39,93.3 1 0
rhapp/internal/infrastructure/persistence/aggregate_employee.go:96.2,100.16 2 0
rhapp/internal/infrastructure/persistence/aggregate_employee.go:100.16,102.3 1 0
rhapp/internal/infrastructure/persistence/aggregate_employee.go:103.2,105.24 2 0
rhapp/internal/infrastructure/persistence/aggregate_employee.go:105.24,107.150 2 0
rhapp/internal/infrastructure/persistence/aggregate_employee.go:107.150,109.4 1 0
rhapp/internal/infrastructure/persistence/aggregate_employee.go:110.3,110.41 1 0
rhapp/internal/infrastructure/persistence/aggregate_employee.go:112.2,112.41 1 0
rhapp/internal/infrastructure/persistence/aggregate_employee.go:112.41,114.3 1 0
rhapp/internal/infrastructure/persistence/aggregate_employee.go:117.2,121.16 2 0
rhapp/internal/infrastructure/persistence/aggregate_employee.go:121.16,123.3 1 0
rhapp/internal/infrastructure/persistence/aggregate_employee.go:124.2,126.21 2 0
rhapp/internal/infrastructure/persistence/aggregate_employee.go:126.21,128.146 2 0
rhapp/internal/infrastructure/persistence/aggregate_employee.go:128.146,130.4 1 0
rhapp/internal/infrastructure/persistence/aggregate_employee.go:131.3,131.60 1 0
rhapp/internal/infrastructure/persistence/aggregate_employee.go:133.2,133.38 1 0
rhapp/internal/infrastructure/persistence/aggregate_employee.go:133.38,135.3 1 0
rhapp/internal/infrastructure/persistence/aggregate_employee.go:138.2,142.16 2 0
rhapp/internal/infrastructure/persistence/aggregate_employee.go:142.16,144.3 1 0
rhapp/internal/infrastructure/persistence/aggregate_employee.go:145.2,147.21 2 0
rhapp/internal/infrastructure/persistence/aggregate_employee.go:147.21,149.155 2 0
rhapp/internal/infrastructure/persistence/aggregate_employee.go:149.155,151.4 1 0
rhapp/internal/infrastructure/persistence/aggregate_employee.go:152.3,152.43 1 0
rhapp/internal/infrastructure/persistence/aggregate_employee.go:154.2,154.38 1 0
rhapp/internal/infrastructure/persistence/aggregate_employee.go:154.38,156.3 1 0
rhapp/internal/infrastructure/persistence/aggregate_employee.go:158.2,158.18 1 0
rhapp/internal/infrastructure/persistence/aggregate_location.go:19.82,21.2 1 0
rhapp/internal/infrastructure/persistence/aggregate_location.go:23.130,28.117 4 0
rhapp/internal/infrastructure/persistence/aggregate_location.go:28.117,30.3 1 0
rhapp/internal/infrastructure/persistence/aggregate_location.go:31.2,42.16 5 0
rhapp/internal/infrastructure/persistence/aggregate_location.go:42.16,44.3 1 0
rhapp/internal/infrastructure/persistence/aggregate_location.go:45.2,47.21 2 0
rhapp/internal/infrastructure/persistence/aggregate_location.go:47.21,50.96 3 0
rhapp/internal/infrastructure/persistence/aggregate_location.go:50.96,52.4 1 0
rhapp/internal/infrastructure/persistence/aggregate_location.go:53.3,53.59 1 0
rhapp/internal/infrastructure/persistence/aggregate_location.go:53.59,55.4 1 0
rhapp/internal/infrastructure/persistence/aggregate_location.go:56.3,56.53 1 0
rhapp/internal/infrastructure/persistence/aggregate_location.go:58.2,58.38 1 0
rhapp/internal/infrastructure/persistence/aggregate_location.go:58.38,60.3 1 0
rhapp/internal/infrastructure/persistence/aggregate_location.go:63.2,68.16 2 0
rhapp/internal/infrastructure/persistence/aggregate_location.go:68.16,70.3 1 0
rhapp/internal/infrastructure/persistence/aggregate_location.go:71.2,73.22 2 0
rhapp/internal/infrastructure/persistence/aggregate_location.go:73.22,76.101 3 0
rhapp/internal/infrastructure/persistence/aggregate_location.go:76.101,78.4 1 0
rhapp/internal/infrastructure/persistence/aggregate_location.go:79.3,79.55 1 0
rhapp/internal/infrastructure/persistence/aggregate_location.go:79.55,81.4 1 0
rhapp/internal/infrastructure/persistence/aggregate_location.go:82.3,82.43 1 0
rhapp/internal/infrastructure/persistence/aggregate_location.go:84.2,84.39 1 0
rhapp/internal/infrastructure/persistence/aggregate_location.go:84.39,86.3 1 0
rhapp/internal/infrastructure/persistence/aggregate_location.go:88.2,88.17 1 0
rhapp/internal/infrastructure/persistence/aggregate_org_structure.go:19.90,21.2 1 0
rhapp/internal/infrastructure/persistence/aggregate_org_structure.go:23.144,27.16 4 0
rhapp/internal/infrastructure/persistence/aggregate_org_structure.go:27.16,28.36 1 0
rhapp/internal/infrastructure/persistence/aggregate_org_structure.go:28.36,30.4 1 0
rhapp/internal/infrastructure/persistence/aggregate_org_structure.go:31.3,31.65 1 0
rhapp/internal/infrastructure/persistence/aggregate_org_structure.go:34.2,41.16 4 0
rhapp/internal/infrastructure/persistence/aggregate_org_structure.go:41.16,43.3 1 0
rhapp/internal/infrastructure/persistence/aggregate_org_structure.go:44.2,46.21 2 0
rhapp/internal/infrastructure/persistence/aggregate_org_structure.go:46.21,48.117 2 0
rhapp/internal/infrastructure/persistence/aggregate_org_structure.go:48.117,50.4 1 0
rhapp/internal/infrastructure/persistence/aggregate_org_structure.go:51.3,51.45 1 0
rhapp/internal/infrastructure/persistence/aggregate_org_structure.go:53.2,53.37 1 0
rhapp/internal/infrastructure/persistence/aggregate_org_structure.go:53.37,55.3 1 0
rhapp/internal/infrastructure/persistence/aggregate_org_structure.go:58.2,67.16 3 0
rhapp/internal/infrastructure/persistence/aggregate_org_structure.go:67.16,69.3 1 0
rhapp/internal/infrastructure/persistence/aggregate_org_structure.go:70.2,72.21 2 0
rhapp/internal/infrastructure/persistence/aggregate_org_structure.go:72.21,100.21 3 0
rhapp/internal/infrastructure/persistence/aggregate_org_structure.go:100.21,102.4 1 0
rhapp/internal/infrastructure/persistence/aggregate_org_structure.go:104.3,104.25 1 0
rhapp/internal/infrastructure/persistence/aggregate_org_structure.go:104.25,106.23 2 0
rhapp/internal/infrastructure/persistence/aggregate_org_structure.go:106.23,108.5 1 0
rhapp/internal/infrastructure/persistence/aggregate_org_structure.go:111.3,111.45 1 0
rhapp/internal/infrastructure/persistence/aggregate_org_structure.go:113.2,113.37 1 0
rhapp/internal/infrastructure/persistence/aggregate_org_structure.go:113.37,115.3 1 0
rhapp/internal/infrastructure/persistence/aggregate_org_structure.go:117.2,117.17 1 0
rhapp/internal/infrastructure/persistence/area_estudo.go:19.68,21.2 1 0
rhapp/internal/infrastructure/persistence/area_estudo.go:23.91,30.2 3 0
rhapp/internal/infrastructure/persistence/area_estudo.go:32.91,39.16 3 0
rhapp/internal/infrastructure/persistence/area_estudo.go:39.16,41.3 1 0
rhapp/internal/infrastructure/persistence/area_estudo.go:42.2,42.46 1 0
rhapp/internal/infrastructure/persistence/area_estudo.go:42.46,44.3 1 0
rhapp/internal/infrastructure/persistence/area_estudo.go:45.2,45.12 1 0
rhapp/internal/infrastructure/persistence/area_estudo.go:48.82,51.16 3 0
rhapp/internal/infrastructure/persistence/area_estudo.go:51.16,53.3 1 0
rhapp/internal/infrastructure/persistence/area_estudo.go:54.2,54.46 1 0
rhapp/internal/infrastructure/persistence/area_estudo.go:54.46,56.3 1 0
rhapp/internal/infrastructure/persistence/area_estudo.go:57.2,57.12 1 0
rhapp/internal/infrastructure/persistence/area_estudo.go:60.107,68.16 4 0
rhapp/internal/infrastructure/persistence/area_estudo.go:68.16,69.36 1 0
rhapp/internal/infrastructure/persistence/area_estudo.go:69.36,71.4 1 0
rhapp/internal/infrastructure/persistence/area_estudo.go:72.3,72.16 1 0
rhapp/internal/infrastructure/persistence/area_estudo.go:74.2,74.15 1 0
rhapp/internal/infrastructure/persistence/area_estudo.go:77.113,85.16 3 0
rhapp/internal/infrastructure/persistence/area_estudo.go:85.16,87.3 1 0
rhapp/internal/infrastructure/persistence/area_estudo.go:88.2,91.18 3 0
rhapp/internal/infrastructure/persistence/area_estudo.go:91.18,93.95 2 0
rhapp/internal/infrastructure/persistence/area_estudo.go:93.95,95.4 1 0
rhapp/internal/infrastructure/persistence/area_estudo.go:96.3,96.25 1 0
rhapp/internal/infrastructure/persistence/area_estudo.go:98.2,98.25 1 0
rhapp/internal/infrastructure/persistence/area_estudo.go:101.134,104.16 3 0
rhapp/internal/infrastructure/persistence/area_estudo.go:104.16,106.3 1 0
rhapp/internal/infrastructure/persistence/area_estudo.go:107.2,110.18 3 0
rhapp/internal/infrastructure/persistence/area_estudo.go:110.18,112.95 2 0
rhapp/internal/infrastructure/persistence/area_estudo.go:112.95,114.4 1 0
rhapp/internal/infrastructure/persistence/area_estudo.go:115.3,115.31 1 0
rhapp/internal/infrastructure/persistence/area_estudo.go:117.2,117.28 1 0
rhapp/internal/infrastructure/persistence/area_estudo.go:120.94,125.2 4 0
rhapp/internal/infrastructure/persistence/area_estudo.go:127.95,132.2 4 0
rhapp/internal/infrastructure/persistence/departamento.go:18.68,20.2 1 0
rhapp/internal/infrastructure/persistence/departamento.go:22.91,29.2 3 0
rhapp/internal/infrastructure/persistence/departamento.go:31.91,38.16 3 0
rhapp/internal/infrastructure/persistence/departamento.go:38.16,40.3 1 0
rhapp/internal/infrastructure/persistence/departamento.go:41.2,41.46 1 0
rhapp/internal/infrastructure/persistence/departamento.go:41.46,43.3 1 0
rhapp/internal/infrastructure/persistence/departamento.go:44.2,44.12 1 0
rhapp/internal/infrastructure/persistence/departamento.go:47.82,50.16 3 0
rhapp/internal/infrastructure/persistence/departamento.go:50.16,52.3 1 0
rhapp/internal/infrastructure/persistence/departamento.go:53.2,53.46 1 0
rhapp/internal/infrastructure/persistence/departamento.go:53.46,55.3 1 0
rhapp/internal/infrastructure/persistence/departamento.go:56.2,56.12 1 0
rhapp/internal/infrastructure/persistence/departamento.go:59.107,69.16 4 0
rhapp/internal/infrastructure/persistence/departamento.go:69.16,70.36 1 0
rhapp/internal/infrastructure/persistence/departamento.go:70.36,72.4 1 0
rhapp/internal/infrastructure/persistence/departamento.go:73.3,73.16 1 0
rhapp/internal/infrastructure/persistence/departamento.go:75.2,75.15 1 0
rhapp/internal/infrastructure/persistence/departamento.go:78.113,86.16 3 0
rhapp/internal/infrastructure/persistence/departamento.go:86.16,88.3 1 0
rhapp/internal/infrastructure/persistence/departamento.go:89.2,92.18 3 0
rhapp/internal/infrastructure/persistence/departamento.go:92.18,94.79 2 0
rhapp/internal/infrastructure/persistence/departamento.go:94.79,96.4 1 0
rhapp/internal/infrastructure/persistence/departamento.go:97.3,97.25 1 0
rhapp/internal/infrastructure/persistence/departamento.go:99.2,99.25 1 0
rhapp/internal/infrastructure/persistence/departamento.go:102.134,105.16 3 0
rhapp/internal/infrastructure/persistence/departamento.go:105.16,107.3 1 0
rhapp/internal/infrastructure/persistence/departamento.go:108.2,111.18 3 0
rhapp/internal/infrastructure/persistence/departamento.go:111.18,113.79 2 0
rhapp/internal/infrastructure/persistence/departamento.go:113.79,115.4 1 0
rhapp/internal/infrastructure/persistence/departamento.go:116.3,116.31 1 0
rhapp/internal/infrastructure/persistence/departamento.go:118.2,118.28 1 0
rhapp/internal/infrastructure/persistence/departamento.go:121.94,126.2 4 0
rhapp/internal/infrastructure/persistence/departamento.go:128.95,133.2 4 0
rhapp/internal/infrastructure/persistence/dependent.go:18.66,20.2 1 0
rhapp/internal/infrastructure/persistence/dependent.go:22.89,35.2 3 0
rhapp/internal/infrastructure/persistence/dependent.go:37.89,49.16 3 0
rhapp/internal/infrastructure/persistence/dependent.go:49.16,51.3 1 0
rhapp/internal/infrastructure/persistence/dependent.go:52.2,52.46 1 0
rhapp/internal/infrastructure/persistence/dependent.go:52.46,54.3 1 0
rhapp/internal/infrastructure/persistence/dependent.go:55.2,55.12 1 0
rhapp/internal/infrastructure/persistence/dependent.go:58.81,60.16 2 0
rhapp/internal/infrastructure/persistence/dependent.go:60.16,62.3 1 0
rhapp/internal/infrastructure/persistence/dependent.go:63.2,63.46 1 0
rhapp/internal/infrastructure/persistence/dependent.go:63.46,65.3 1 0
rhapp/internal/infrastructure/persistence/dependent.go:66.2,66.12 1 0
rhapp/internal/infrastructure/persistence/dependent.go:69.105,79.16 4 0
rhapp/internal/infrastructure/persistence/dependent.go:79.16,80.36 1 0
rhapp/internal/infrastructure/persistence/dependent.go:80.36,82.4 1 0
rhapp/internal/infrastructure/persistence/dependent.go:83.3,83.35 1 0
rhapp/internal/infrastructure/persistence/dependent.go:85.2,85.15 1 0
rhapp/internal/infrastructure/persistence/dependent.go:88.111,95.16 3 0
rhapp/internal/infrastructure/persistence/dependent.go:95.16,97.3 1 0
rhapp/internal/infrastructure/persistence/dependent.go:98.2,101.18 3 0
rhapp/internal/infrastructure/persistence/dependent.go:101.18,106.17 2 0
rhapp/internal/infrastructure/persistence/dependent.go:106.17,108.4 1 0
rhapp/internal/infrastructure/persistence/dependent.go:109.3,109.25 1 0
rhapp/internal/infrastructure/persistence/dependent.go:111.2,111.18 1 0
rhapp/internal/infrastructure/persistence/dependent.go:114.155,120.16 2 0
rhapp/internal/infrastructure/persistence/dependent.go:120.16,122.3 1 0
rhapp/internal/infrastructure/persistence/dependent.go:123.2,126.18 3 0
rhapp/internal/infrastructure/persistence/dependent.go:126.18,131.17 2 0
rhapp/internal/infrastructure/persistence/dependent.go:131.17,133.4 1 0
rhapp/internal/infrastructure/persistence/dependent.go:134.3,134.25 1 0
rhapp/internal/infrastructure/persistence/dependent.go:136.2,136.18 1 0
rhapp/internal/infrastructure/persistence/dependent.go:139.93,144.2 4 0
rhapp/internal/infrastructure/persistence/district.go:20.64,22.2 1 0
rhapp/internal/infrastructure/persistence/district.go:24.87,33.2 3 0
rhapp/internal/infrastructure/persistence/district.go:35.87,44.16 3 0
rhapp/internal/infrastructure/persistence/district.go:44.16,46.3 1 0
rhapp/internal/infrastructure/persistence/district.go:47.2,47.46 1 0
rhapp/internal/infrastructure/persistence/district.go:47.46,49.3 1 0
rhapp/internal/infrastructure/persistence/district.go:50.2,50.12 1 0
rhapp/internal/infrastructure/persistence/district.go:53.80,56.16 3 0
rhapp/internal/infrastructure/persistence/district.go:56.16,58.3 1 0
rhapp/internal/infrastructure/persistence/district.go:59.2,59.46 1 0
rhapp/internal/infrastructure/persistence/district.go:59.46,61.3 1 0
rhapp/internal/infrastructure/persistence/district.go:62.2,62.12 1 0
rhapp/internal/infrastructure/persistence/district.go:65.103,73.16 5 0
rhapp/internal/infrastructure/persistence/district.go:73.16,74.36 1 0
rhapp/internal/infrastructure/persistence/district.go:74.36,76.4 1 0
rhapp/internal/infrastructure/persistence/district.go:77.3,77.16 1 0
rhapp/internal/infrastructure/persistence/district.go:80.2,80.53 1 0
rhapp/internal/infrastructure/persistence/district.go:80.53,82.3 1 0
rhapp/internal/infrastructure/persistence/district.go:84.2,84.15 1 0
rhapp/internal/infrastructure/persistence/district.go:87.109,95.16 3 0
rhapp/internal/infrastructure/persistence/district.go:95.16,97.3 1 0
rhapp/internal/infrastructure/persistence/district.go:98.2,101.18 3 0
rhapp/internal/infrastructure/persistence/district.go:101.18,105.96 3 0
rhapp/internal/infrastructure/persistence/district.go:105.96,107.4 1 0
rhapp/internal/infrastructure/persistence/district.go:108.3,108.54 1 0
rhapp/internal/infrastructure/persistence/district.go:108.54,110.4 1 0
rhapp/internal/infrastructure/persistence/district.go:111.3,111.25 1 0
rhapp/internal/infrastructure/persistence/district.go:113.2,113.25 1 0
rhapp/internal/infrastructure/persistence/district.go:116.149,119.16 3 0
rhapp/internal/infrastructure/persistence/district.go:119.16,121.3 1 0
rhapp/internal/infrastructure/persistence/district.go:122.2,125.18 3 0
rhapp/internal/infrastructure/persistence/district.go:125.18,127.113 2 0
rhapp/internal/infrastructure/persistence/district.go:127.113,129.4 1 0
rhapp/internal/infrastructure/persistence/district.go:130.3,130.31 1 0
rhapp/internal/infrastructure/persistence/district.go:132.2,132.28 1 0
rhapp/internal/infrastructure/persistence/district.go:135.92,140.2 4 0
rhapp/internal/infrastructure/persistence/district.go:142.128,152.2 4 0
rhapp/internal/infrastructure/persistence/document.go:17.67,19.2 1 0
rhapp/internal/infrastructure/persistence/document.go:21.89,32.2 3 0
rhapp/internal/infrastructure/persistence/document.go:34.89,45.16 3 0
rhapp/internal/infrastructure/persistence/document.go:45.16,47.3 1 0
rhapp/internal/infrastructure/persistence/document.go:48.2,49.15 2 0
rhapp/internal/infrastructure/persistence/document.go:49.15,51.3 1 0
rhapp/internal/infrastructure/persistence/document.go:52.2,52.12 1 0
rhapp/internal/infrastructure/persistence/document.go:55.80,58.16 3 0
rhapp/internal/infrastructure/persistence/document.go:58.16,60.3 1 0
rhapp/internal/infrastructure/persistence/document.go:61.2,62.15 2 0
rhapp/internal/infrastructure/persistence/document.go:62.15,64.3 1 0
rhapp/internal/infrastructure/persistence/document.go:65.2,65.12 1 0
rhapp/internal/infrastructure/persistence/document.go:68.103,76.16 4 0
rhapp/internal/infrastructure/persistence/document.go:76.16,77.36 1 0
rhapp/internal/infrastructure/persistence/document.go:77.36,79.4 1 0
rhapp/internal/infrastructure/persistence/document.go:80.3,80.34 1 0
rhapp/internal/infrastructure/persistence/document.go:82.2,82.15 1 0
rhapp/internal/infrastructure/persistence/document.go:85.109,88.16 3 0
rhapp/internal/infrastructure/persistence/document.go:88.16,90.3 1 0
rhapp/internal/infrastructure/persistence/document.go:91.2,94.18 3 0
rhapp/internal/infrastructure/persistence/document.go:94.18,100.17 2 0
rhapp/internal/infrastructure/persistence/document.go:100.17,102.4 1 0
rhapp/internal/infrastructure/persistence/document.go:103.3,103.25 1 0
rhapp/internal/infrastructure/persistence/document.go:105.2,105.18 1 0
rhapp/internal/infrastructure/persistence/document.go:108.92,112.2 3 0
rhapp/internal/infrastructure/persistence/education.go:17.76,19.2 1 0
rhapp/internal/infrastructure/persistence/education.go:21.96,32.2 3 0
rhapp/internal/infrastructure/persistence/education.go:34.96,46.16 3 0
rhapp/internal/infrastructure/persistence/education.go:46.16,48.3 1 0
rhapp/internal/infrastructure/persistence/education.go:49.2,50.15 2 0
rhapp/internal/infrastructure/persistence/education.go:50.15,52.3 1 0
rhapp/internal/infrastructure/persistence/education.go:53.2,53.12 1 0
rhapp/internal/infrastructure/persistence/education.go:56.81,59.16 3 0
rhapp/internal/infrastructure/persistence/education.go:59.16,61.3 1 0
rhapp/internal/infrastructure/persistence/education.go:62.2,63.15 2 0
rhapp/internal/infrastructure/persistence/education.go:63.15,65.3 1 0
rhapp/internal/infrastructure/persistence/education.go:66.2,66.12 1 0
rhapp/internal/infrastructure/persistence/education.go:69.112,79.16 4 0
rhapp/internal/infrastructure/persistence/education.go:79.16,80.36 1 0
rhapp/internal/infrastructure/persistence/education.go:80.36,82.4 1 0
rhapp/internal/infrastructure/persistence/education.go:83.3,83.42 1 0
rhapp/internal/infrastructure/persistence/education.go:85.2,85.15 1 0
rhapp/internal/infrastructure/persistence/education.go:88.150,96.16 3 0
rhapp/internal/infrastructure/persistence/education.go:96.16,98.3 1 0
rhapp/internal/infrastructure/persistence/education.go:99.2,102.18 3 0
rhapp/internal/infrastructure/persistence/education.go:102.18,107.17 2 0
rhapp/internal/infrastructure/persistence/education.go:107.17,109.4 1 0
rhapp/internal/infrastructure/persistence/education.go:110.3,110.25 1 0
rhapp/internal/infrastructure/persistence/education.go:112.2,112.18 1 0
rhapp/internal/infrastructure/persistence/education.go:115.187,118.23 3 0
rhapp/internal/infrastructure/persistence/education.go:118.23,120.3 1 0
rhapp/internal/infrastructure/persistence/education.go:121.2,122.16 2 0
rhapp/internal/infrastructure/persistence/education.go:122.16,124.3 1 0
rhapp/internal/infrastructure/persistence/education.go:125.2,128.18 3 0
rhapp/internal/infrastructure/persistence/education.go:128.18,133.17 2 0
rhapp/internal/infrastructure/persistence/education.go:133.17,135.4 1 0
rhapp/internal/infrastructure/persistence/education.go:136.3,136.31 1 0
rhapp/internal/infrastructure/persistence/education.go:138.2,138.21 1 0
rhapp/internal/infrastructure/persistence/education.go:141.93,146.2 4 0
rhapp/internal/infrastructure/persistence/employee.go:19.64,21.2 1 0
rhapp/internal/infrastructure/persistence/employee.go:23.87,63.2 3 0
rhapp/internal/infrastructure/persistence/employee.go:65.103,75.2 3 0
rhapp/internal/infrastructure/persistence/employee.go:77.87,113.2 3 0
rhapp/internal/infrastructure/persistence/employee.go:115.80,118.2 2 0
rhapp/internal/infrastructure/persistence/employee.go:120.92,124.2 3 0
rhapp/internal/infrastructure/persistence/employee.go:126.106,139.16 3 0
rhapp/internal/infrastructure/persistence/employee.go:139.16,141.3 1 0
rhapp/internal/infrastructure/persistence/employee.go:142.2,145.18 3 0
rhapp/internal/infrastructure/persistence/employee.go:145.18,147.17 2 0
rhapp/internal/infrastructure/persistence/employee.go:147.17,149.4 1 0
rhapp/internal/infrastructure/persistence/employee.go:150.3,150.25 1 0
rhapp/internal/infrastructure/persistence/employee.go:152.2,152.25 1 0
rhapp/internal/infrastructure/persistence/employee.go:155.145,157.16 2 0
rhapp/internal/infrastructure/persistence/employee.go:157.16,159.3 1 0
rhapp/internal/infrastructure/persistence/employee.go:160.2,163.18 3 0
rhapp/internal/infrastructure/persistence/employee.go:163.18,165.17 2 0
rhapp/internal/infrastructure/persistence/employee.go:165.17,167.4 1 0
rhapp/internal/infrastructure/persistence/employee.go:168.3,168.25 1 0
rhapp/internal/infrastructure/persistence/employee.go:170.2,170.25 1 0
rhapp/internal/infrastructure/persistence/employee.go:175.31,193.16 5 0
rhapp/internal/infrastructure/persistence/employee.go:193.16,195.3 1 0
rhapp/internal/infrastructure/persistence/employee.go:197.2,197.68 1 0
rhapp/internal/infrastructure/persistence/employee.go:197.68,199.3 1 0
rhapp/internal/infrastructure/persistence/employee.go:200.2,200.58 1 0
rhapp/internal/infrastructure/persistence/employee.go:200.58,202.3 1 0
rhapp/internal/infrastructure/persistence/employee.go:203.2,203.73 1 0
rhapp/internal/infrastructure/persistence/employee.go:203.73,205.3 1 0
rhapp/internal/infrastructure/persistence/employee.go:206.2,206.73 1 0
rhapp/internal/infrastructure/persistence/employee.go:206.73,208.3 1 0
rhapp/internal/infrastructure/persistence/employee.go:209.2,209.67 1 0
rhapp/internal/infrastructure/persistence/employee.go:209.67,211.3 1 0
rhapp/internal/infrastructure/persistence/employee.go:212.2,212.55 1 0
rhapp/internal/infrastructure/persistence/employee.go:212.55,214.3 1 0
rhapp/internal/infrastructure/persistence/employee.go:215.2,215.46 1 0
rhapp/internal/infrastructure/persistence/employee.go:215.46,217.3 1 0
rhapp/internal/infrastructure/persistence/employee.go:218.2,218.52 1 0
rhapp/internal/infrastructure/persistence/employee.go:218.52,220.3 1 0
rhapp/internal/infrastructure/persistence/employee.go:221.2,221.61 1 0
rhapp/internal/infrastructure/persistence/employee.go:221.61,223.3 1 0
rhapp/internal/infrastructure/persistence/employee.go:224.2,224.72 1 0
rhapp/internal/infrastructure/persistence/employee.go:224.72,226.3 1 0
rhapp/internal/infrastructure/persistence/employee.go:227.2,227.60 1 0
rhapp/internal/infrastructure/persistence/employee.go:227.60,229.3 1 0
rhapp/internal/infrastructure/persistence/employee.go:230.2,230.76 1 0
rhapp/internal/infrastructure/persistence/employee.go:230.76,232.3 1 0
rhapp/internal/infrastructure/persistence/employee.go:234.2,234.24 1 0
rhapp/internal/infrastructure/persistence/employee.go:234.24,236.17 2 0
rhapp/internal/infrastructure/persistence/employee.go:236.17,238.4 1 0
rhapp/internal/infrastructure/persistence/employee.go:239.3,239.24 1 0
rhapp/internal/infrastructure/persistence/employee.go:241.2,241.15 1 0
rhapp/internal/infrastructure/persistence/employee_status.go:17.79,19.2 1 0
rhapp/internal/infrastructure/persistence/employee_status.go:21.99,34.2 3 0
rhapp/internal/infrastructure/persistence/employee_status.go:36.99,47.16 3 0
rhapp/internal/infrastructure/persistence/employee_status.go:47.16,49.3 1 0
rhapp/internal/infrastructure/persistence/employee_status.go:50.2,50.46 1 0
rhapp/internal/infrastructure/persistence/employee_status.go:50.46,52.3 1 0
rhapp/internal/infrastructure/persistence/employee_status.go:53.2,53.12 1 0
rhapp/internal/infrastructure/persistence/employee_status.go:56.86,59.16 3 0
rhapp/internal/infrastructure/persistence/employee_status.go:59.16,61.3 1 0
rhapp/internal/infrastructure/persistence/employee_status.go:62.2,62.46 1 0
rhapp/internal/infrastructure/persistence/employee_status.go:62.46,64.3 1 0
rhapp/internal/infrastructure/persistence/employee_status.go:65.2,65.12 1 0
rhapp/internal/infrastructure/persistence/employee_status.go:68.115,81.16 4 0
rhapp/internal/infrastructure/persistence/employee_status.go:81.16,82.36 1 0
rhapp/internal/infrastructure/persistence/employee_status.go:82.36,84.4 1 0
rhapp/internal/infrastructure/persistence/employee_status.go:85.3,85.40 1 0
rhapp/internal/infrastructure/persistence/employee_status.go:87.2,87.15 1 0
rhapp/internal/infrastructure/persistence/employee_status.go:90.153,100.16 3 0
rhapp/internal/infrastructure/persistence/employee_status.go:100.16,102.3 1 0
rhapp/internal/infrastructure/persistence/employee_status.go:103.2,106.18 3 0
rhapp/internal/infrastructure/persistence/employee_status.go:106.18,112.17 2 0
rhapp/internal/infrastructure/persistence/employee_status.go:112.17,114.4 1 0
rhapp/internal/infrastructure/persistence/employee_status.go:115.3,115.25 1 0
rhapp/internal/infrastructure/persistence/employee_status.go:117.2,117.18 1 0
rhapp/internal/infrastructure/persistence/employee_status.go:120.164,123.23 3 0
rhapp/internal/infrastructure/persistence/employee_status.go:123.23,125.3 1 0
rhapp/internal/infrastructure/persistence/employee_status.go:126.2,127.16 2 0
rhapp/internal/infrastructure/persistence/employee_status.go:127.16,129.3 1 0
rhapp/internal/infrastructure/persistence/employee_status.go:130.2,133.18 3 0
rhapp/internal/infrastructure/persistence/employee_status.go:133.18,139.17 2 0
rhapp/internal/infrastructure/persistence/employee_status.go:139.17,141.4 1 0
rhapp/internal/infrastructure/persistence/employee_status.go:142.3,142.25 1 0
rhapp/internal/infrastructure/persistence/employee_status.go:144.2,144.18 1 0
rhapp/internal/infrastructure/persistence/employee_status.go:147.98,152.2 4 0
rhapp/internal/infrastructure/persistence/municipality.go:20.72,22.2 1 0
rhapp/internal/infrastructure/persistence/municipality.go:24.95,30.2 3 0
rhapp/internal/infrastructure/persistence/municipality.go:32.95,38.16 3 0
rhapp/internal/infrastructure/persistence/municipality.go:38.16,40.3 1 0
rhapp/internal/infrastructure/persistence/municipality.go:41.2,41.46 1 0
rhapp/internal/infrastructure/persistence/municipality.go:41.46,43.3 1 0
rhapp/internal/infrastructure/persistence/municipality.go:44.2,44.12 1 0
rhapp/internal/infrastructure/persistence/municipality.go:47.84,50.16 3 0
rhapp/internal/infrastructure/persistence/municipality.go:50.16,52.3 1 0
rhapp/internal/infrastructure/persistence/municipality.go:53.2,53.46 1 0
rhapp/internal/infrastructure/persistence/municipality.go:53.46,55.3 1 0
rhapp/internal/infrastructure/persistence/municipality.go:56.2,56.12 1 0
rhapp/internal/infrastructure/persistence/municipality.go:59.111,67.16 5 0
rhapp/internal/infrastructure/persistence/municipality.go:67.16,68.36 1 0
rhapp/internal/infrastructure/persistence/municipality.go:68.36,70.4 1 0
rhapp/internal/infrastructure/persistence/municipality.go:71.3,71.38 1 0
rhapp/internal/infrastructure/persistence/municipality.go:73.2,74.16 2 0
rhapp/internal/infrastructure/persistence/municipality.go:74.16,76.3 1 0
rhapp/internal/infrastructure/persistence/municipality.go:77.2,78.15 2 0
rhapp/internal/infrastructure/persistence/municipality.go:81.117,88.16 3 0
rhapp/internal/infrastructure/persistence/municipality.go:88.16,90.3 1 0
rhapp/internal/infrastructure/persistence/municipality.go:91.2,94.18 3 0
rhapp/internal/infrastructure/persistence/municipality.go:94.18,97.92 3 0
rhapp/internal/infrastructure/persistence/municipality.go:97.92,99.4 1 0
rhapp/internal/infrastructure/persistence/municipality.go:100.3,101.17 2 0
rhapp/internal/infrastructure/persistence/municipality.go:101.17,103.4 1 0
rhapp/internal/infrastructure/persistence/municipality.go:104.3,105.25 2 0
rhapp/internal/infrastructure/persistence/municipality.go:107.2,107.18 1 0
rhapp/internal/infrastructure/persistence/municipality.go:110.153,112.16 2 0
rhapp/internal/infrastructure/persistence/municipality.go:112.16,114.3 1 0
rhapp/internal/infrastructure/persistence/municipality.go:115.2,118.18 3 0
rhapp/internal/infrastructure/persistence/municipality.go:118.18,120.125 2 0
rhapp/internal/infrastructure/persistence/municipality.go:120.125,122.4 1 0
rhapp/internal/infrastructure/persistence/municipality.go:123.3,123.33 1 0
rhapp/internal/infrastructure/persistence/municipality.go:125.2,125.21 1 0
rhapp/internal/infrastructure/persistence/municipality.go:128.96,133.2 4 0
rhapp/internal/infrastructure/persistence/municipality.go:135.130,143.2 4 0
rhapp/internal/infrastructure/persistence/position.go:19.64,21.2 1 0
rhapp/internal/infrastructure/persistence/position.go:23.89,30.2 3 0
rhapp/internal/infrastructure/persistence/position.go:32.89,38.16 3 0
rhapp/internal/infrastructure/persistence/position.go:38.16,40.3 1 0
rhapp/internal/infrastructure/persistence/position.go:41.2,41.46 1 0
rhapp/internal/infrastructure/persistence/position.go:41.46,43.3 1 0
rhapp/internal/infrastructure/persistence/position.go:44.2,44.12 1 0
rhapp/internal/infrastructure/persistence/position.go:47.80,50.16 3 0
rhapp/internal/infrastructure/persistence/position.go:50.16,52.3 1 0
rhapp/internal/infrastructure/persistence/position.go:53.2,53.46 1 0
rhapp/internal/infrastructure/persistence/position.go:53.46,55.3 1 0
rhapp/internal/infrastructure/persistence/position.go:56.2,56.12 1 0
rhapp/internal/infrastructure/persistence/position.go:59.103,66.16 4 0
rhapp/internal/infrastructure/persistence/position.go:66.16,67.36 1 0
rhapp/internal/infrastructure/persistence/position.go:67.36,69.4 1 0
rhapp/internal/infrastructure/persistence/position.go:70.3,70.34 1 0
rhapp/internal/infrastructure/persistence/position.go:72.2,72.17 1 0
rhapp/internal/infrastructure/persistence/position.go:75.109,80.16 3 0
rhapp/internal/infrastructure/persistence/position.go:80.16,82.3 1 0
rhapp/internal/infrastructure/persistence/position.go:83.2,86.18 3 0
rhapp/internal/infrastructure/persistence/position.go:86.18,88.106 2 0
rhapp/internal/infrastructure/persistence/position.go:88.106,90.4 1 0
rhapp/internal/infrastructure/persistence/position.go:91.3,91.31 1 0
rhapp/internal/infrastructure/persistence/position.go:93.2,93.20 1 0
rhapp/internal/infrastructure/persistence/position.go:96.150,99.16 3 0
rhapp/internal/infrastructure/persistence/position.go:99.16,101.3 1 0
rhapp/internal/infrastructure/persistence/position.go:102.2,105.18 3 0
rhapp/internal/infrastructure/persistence/position.go:105.18,109.17 2 0
rhapp/internal/infrastructure/persistence/position.go:109.17,111.4 1 0
rhapp/internal/infrastructure/persistence/position.go:112.3,112.33 1 0
rhapp/internal/infrastructure/persistence/position.go:114.2,114.21 1 0
rhapp/internal/infrastructure/persistence/position.go:117.92,122.2 4 0
rhapp/internal/infrastructure/persistence/position.go:124.130,133.2 4 0
rhapp/internal/infrastructure/persistence/provincia.go:18.64,20.2 1 1
rhapp/internal/infrastructure/persistence/provincia.go:22.87,26.2 3 1
rhapp/internal/infrastructure/persistence/provincia.go:28.87,31.16 3 1
rhapp/internal/infrastructure/persistence/provincia.go:31.16,33.3 1 0
rhapp/internal/infrastructure/persistence/provincia.go:34.2,34.46 1 1
rhapp/internal/infrastructure/persistence/provincia.go:34.46,36.3 1 1
rhapp/internal/infrastructure/persistence/provincia.go:37.2,37.12 1 1
rhapp/internal/infrastructure/persistence/provincia.go:40.80,43.16 3 1
rhapp/internal/infrastructure/persistence/provincia.go:43.16,45.3 1 0
rhapp/internal/infrastructure/persistence/provincia.go:46.2,46.46 1 1
rhapp/internal/infrastructure/persistence/provincia.go:46.46,48.3 1 1
rhapp/internal/infrastructure/persistence/provincia.go:49.2,49.12 1 1
rhapp/internal/infrastructure/persistence/provincia.go:52.103,58.16 5 1
rhapp/internal/infrastructure/persistence/provincia.go:58.16,59.36 1 1
rhapp/internal/infrastructure/persistence/provincia.go:59.36,61.4 1 1
rhapp/internal/infrastructure/persistence/provincia.go:62.3,62.34 1 1
rhapp/internal/infrastructure/persistence/provincia.go:65.2,67.15 3 1
rhapp/internal/infrastructure/persistence/provincia.go:70.109,73.16 3 1
rhapp/internal/infrastructure/persistence/provincia.go:73.16,75.3 1 1
rhapp/internal/infrastructure/persistence/provincia.go:76.2,79.18 3 1
rhapp/internal/infrastructure/persistence/provincia.go:79.18,82.77 3 1
rhapp/internal/infrastructure/persistence/provincia.go:82.77,84.4 1 1
rhapp/internal/infrastructure/persistence/provincia.go:85.3,87.25 3 1
rhapp/internal/infrastructure/persistence/provincia.go:89.2,89.18 1 1
rhapp/internal/infrastructure/persistence/provincia.go:92.92,97.2 4 1
rhapp/internal/infrastructure/persistence/provincia.go:99.93,104.2 4 1
rhapp/internal/infrastructure/persistence/provincia.go:106.130,108.16 2 1
rhapp/internal/infrastructure/persistence/provincia.go:108.16,110.3 1 1
rhapp/internal/infrastructure/persistence/provincia.go:111.2,114.18 3 1
rhapp/internal/infrastructure/persistence/provincia.go:114.18,117.77 3 1
rhapp/internal/infrastructure/persistence/provincia.go:117.77,119.4 1 1
rhapp/internal/infrastructure/persistence/provincia.go:120.3,122.31 3 1
rhapp/internal/infrastructure/persistence/provincia.go:124.2,124.21 1 1
rhapp/internal/infrastructure/persistence/supervisor.go:16.68,18.2 1 0
rhapp/internal/infrastructure/persistence/supervisor.go:20.98,30.2 3 0
rhapp/internal/infrastructure/persistence/supervisor.go:32.115,44.16 5 0
rhapp/internal/infrastructure/persistence/supervisor.go:44.16,46.3 1 0
rhapp/internal/infrastructure/persistence/supervisor.go:48.2,48.24 1 0
rhapp/internal/infrastructure/persistence/supervisor.go:48.24,50.17 2 0
rhapp/internal/infrastructure/persistence/supervisor.go:50.17,52.4 1 0
rhapp/internal/infrastructure/persistence/supervisor.go:55.2,55.16 1 0
rhapp/internal/infrastructure/persistence/supervisor.go:58.98,68.2 3 0
rhapp/internal/infrastructure/persistence/supervisor.go:70.82,73.16 3 0
rhapp/internal/infrastructure/persistence/supervisor.go:73.16,75.3 1 0
rhapp/internal/infrastructure/persistence/supervisor.go:76.2,77.15 2 0
rhapp/internal/infrastructure/persistence/supervisor.go:77.15,79.3 1 0
rhapp/internal/infrastructure/persistence/supervisor.go:80.2,80.12 1 0
rhapp/internal/infrastructure/persistence/supervisor.go:83.151,92.16 3 0
rhapp/internal/infrastructure/persistence/supervisor.go:92.16,94.3 1 0
rhapp/internal/infrastructure/persistence/supervisor.go:95.2,98.18 3 0
rhapp/internal/infrastructure/persistence/supervisor.go:98.18,104.17 3 0
rhapp/internal/infrastructure/persistence/supervisor.go:104.17,106.4 1 0
rhapp/internal/infrastructure/persistence/supervisor.go:107.3,107.25 1 0
rhapp/internal/infrastructure/persistence/supervisor.go:107.25,109.18 2 0
rhapp/internal/infrastructure/persistence/supervisor.go:109.18,111.5 1 0
rhapp/internal/infrastructure/persistence/supervisor.go:113.3,113.25 1 0
rhapp/internal/infrastructure/persistence/supervisor.go:115.2,115.18 1 0
rhapp/internal/infrastructure/persistence/work.go:17.73,19.2 1 0
rhapp/internal/infrastructure/persistence/work.go:21.94,32.2 3 0
rhapp/internal/infrastructure/persistence/work.go:34.94,46.2 3 0
rhapp/internal/infrastructure/persistence/work.go:48.83,51.2 2 0
rhapp/internal/infrastructure/persistence/work.go:53.109,66.2 4 0
rhapp/internal/infrastructure/persistence/work.go:68.144,78.16 3 0
rhapp/internal/infrastructure/persistence/work.go:78.16,80.3 1 0
rhapp/internal/infrastructure/persistence/work.go:81.2,84.18 3 0
rhapp/internal/infrastructure/persistence/work.go:84.18,90.17 2 0
rhapp/internal/infrastructure/persistence/work.go:90.17,92.4 1 0
rhapp/internal/infrastructure/persistence/work.go:93.3,93.26 1 0
rhapp/internal/infrastructure/persistence/work.go:95.2,95.18 1 0
rhapp/internal/infrastructure/persistence/work.go:98.183,109.22 4 0
rhapp/internal/infrastructure/persistence/work.go:109.22,113.3 3 0
rhapp/internal/infrastructure/persistence/work.go:114.2,114.20 1 0
rhapp/internal/infrastructure/persistence/work.go:114.20,118.3 3 0
rhapp/internal/infrastructure/persistence/work.go:119.2,123.16 4 0
rhapp/internal/infrastructure/persistence/work.go:123.16,125.3 1 0
rhapp/internal/infrastructure/persistence/work.go:126.2,129.18 3 0
rhapp/internal/infrastructure/persistence/work.go:129.18,135.17 2 0
rhapp/internal/infrastructure/persistence/work.go:135.17,137.4 1 0
rhapp/internal/infrastructure/persistence/work.go:138.3,138.26 1 0
rhapp/internal/infrastructure/persistence/work.go:140.2,140.18 1 0
rhapp/internal/interfaces/router/router.go:34.15,48.45 10 0
rhapp/internal/interfaces/router/router.go:48.45,48.93 1 0
rhapp/internal/interfaces/router/router.go:50.2,53.2 3 0
rhapp/internal/interfaces/router/router.go:53.2,59.3 5 0
rhapp/internal/interfaces/router/router.go:74.2,75.2 2 0
rhapp/internal/interfaces/router/router.go:75.2,81.3 5 0
rhapp/internal/interfaces/router/router.go:83.2,84.2 2 0
rhapp/internal/interfaces/router/router.go:84.2,90.3 5 0
rhapp/internal/interfaces/router/router.go:92.2,93.2 2 0
rhapp/internal/interfaces/router/router.go:93.2,99.3 5 0
rhapp/internal/interfaces/router/router.go:101.2,102.2 2 0
rhapp/internal/interfaces/router/router.go:102.2,108.3 5 0
rhapp/internal/interfaces/router/router.go:110.2,111.2 2 0
rhapp/internal/interfaces/router/router.go:111.2,117.3 5 0
rhapp/internal/interfaces/router/router.go:119.2,120.2 2 0
rhapp/internal/interfaces/router/router.go:120.2,126.3 5 0
rhapp/internal/interfaces/router/router.go:128.2,129.2 2 0
rhapp/internal/interfaces/router/router.go:129.2,135.3 5 0
rhapp/internal/interfaces/router/router.go:137.2,138.2 2 0
rhapp/internal/interfaces/router/router.go:138.2,144.3 5 0
rhapp/internal/interfaces/router/router.go:146.2,147.2 2 0
rhapp/internal/interfaces/router/router.go:147.2,153.3 5 0
rhapp/internal/interfaces/router/router.go:155.2,156.2 2 0
rhapp/internal/interfaces/router/router.go:156.2,162.3 5 0
rhapp/internal/interfaces/router/router.go:164.2,165.2 2 0
rhapp/internal/interfaces/router/router.go:165.2,171.3 5 0
rhapp/internal/interfaces/router/router.go:173.2,174.2 2 0
rhapp/internal/interfaces/router/router.go:174.2,180.3 5 0
rhapp/internal/interfaces/router/router.go:181.2,181.15 1 0
rhapp/internal/interfaces/middleware/authorization.go:11.58,12.30 1 0
rhapp/internal/interfaces/middleware/authorization.go:12.30,14.27 2 0
rhapp/internal/interfaces/middleware/authorization.go:14.27,17.4 2 0
rhapp/internal/interfaces/middleware/authorization.go:18.3,18.11 1 0
rhapp/internal/interfaces/middleware/body_limit.go:10.54,11.30 1 0
rhapp/internal/interfaces/middleware/body_limit.go:11.30,15.96 2 0
rhapp/internal/interfaces/middleware/body_limit.go:15.96,20.4 2 0
rhapp/internal/interfaces/middleware/body_limit.go:22.3,22.11 1 0
rhapp/internal/interfaces/middleware/cors.go:10.39,19.2 1 0
rhapp/internal/interfaces/middleware/json.go:11.36,12.30 1 0
rhapp/internal/interfaces/middleware/json.go:12.30,13.44 1 0
rhapp/internal/interfaces/middleware/json.go:13.44,18.4 2 0
rhapp/internal/interfaces/middleware/json.go:19.3,19.11 1 0
rhapp/internal/interfaces/middleware/json.go:25.57,26.30 1 0
rhapp/internal/interfaces/middleware/json.go:26.30,28.52 2 0
rhapp/internal/interfaces/middleware/json.go:28.52,34.4 2 0
rhapp/internal/interfaces/middleware/json.go:35.3,36.11 2 0
rhapp/internal/interfaces/middleware/logging.go:11.41,12.30 1 0
rhapp/internal/interfaces/middleware/logging.go:12.30,26.3 4 0
rhapp/internal/interfaces/middleware/rate_limiting.go:14.106,24.16 3 0
rhapp/internal/interfaces/middleware/rate_limiting.go:24.16,25.65 1 0
rhapp/internal/interfaces/middleware/rate_limiting.go:28.2,28.59 1 0
rhapp/internal/interfaces/middleware/recovery.go:11.33,12.30 1 0
rhapp/internal/interfaces/middleware/recovery.go:12.30,13.16 1 0
rhapp/internal/interfaces/middleware/recovery.go:13.16,14.36 1 0
rhapp/internal/interfaces/middleware/recovery.go:14.36,17.5 2 0
rhapp/internal/interfaces/middleware/recovery.go:19.3,19.11 1 0
rhapp/internal/interfaces/middleware/request_id.go:8.34,9.30 1 0
rhapp/internal/interfaces/middleware/request_id.go:9.30,14.3 4 0
rhapp/internal/interfaces/middleware/trail_slash.go:9.43,10.30 1 0
rhapp/internal/interfaces/middleware/trail_slash.go:10.30,13.3 2 0
rhapp/internal/interfaces/middleware/user_context.go:5.36,6.30 1 0
rhapp/internal/interfaces/middleware/user_context.go:6.30,11.3 3 0
rhapp/internal/interfaces/middleware/validate_input.go:9.56,10.30 1 0
rhapp/internal/interfaces/middleware/validate_input.go:10.30,11.51 1 0
rhapp/internal/interfaces/middleware/validate_input.go:11.51,14.4 2 0
rhapp/internal/interfaces/middleware/validate_input.go:15.3,15.11 1 0
rhapp/internal/usecase/areas_estudo/create_area_estudo.go:25.123,31.16 3 0
rhapp/internal/usecase/areas_estudo/create_area_estudo.go:31.16,33.3 1 0
rhapp/internal/usecase/areas_estudo/create_area_estudo.go:34.2,34.23 1 0
rhapp/internal/usecase/areas_estudo/create_area_estudo.go:34.23,36.3 1 0
rhapp/internal/usecase/areas_estudo/create_area_estudo.go:39.2,40.16 2 0
rhapp/internal/usecase/areas_estudo/create_area_estudo.go:40.16,42.3 1 0
rhapp/internal/usecase/areas_estudo/create_area_estudo.go:43.2,43.12 1 0
rhapp/internal/usecase/areas_estudo/create_area_estudo.go:43.12,45.3 1 0
rhapp/internal/usecase/areas_estudo/create_area_estudo.go:48.2,58.50 3 0
rhapp/internal/usecase/areas_estudo/create_area_estudo.go:58.50,60.3 1 0
rhapp/internal/usecase/areas_estudo/create_area_estudo.go:62.2,62.18 1 0
rhapp/internal/usecase/areas_estudo/delete_area_estudo.go:20.100,21.26 1 0
rhapp/internal/usecase/areas_estudo/delete_area_estudo.go:21.26,23.3 1 0
rhapp/internal/usecase/areas_estudo/delete_area_estudo.go:25.2,25.54 1 0
rhapp/internal/usecase/areas_estudo/delete_area_estudo.go:25.54,27.3 1 0
rhapp/internal/usecase/areas_estudo/delete_area_estudo.go:29.2,29.12 1 0
rhapp/internal/usecase/areas_estudo/get_area_estudo_by_id.go:22.124,23.26 1 0
rhapp/internal/usecase/areas_estudo/get_area_estudo_by_id.go:23.26,25.3 1 0
rhapp/internal/usecase/areas_estudo/get_area_estudo_by_id.go:27.2,28.16 2 0
rhapp/internal/usecase/areas_estudo/get_area_estudo_by_id.go:28.16,30.3 1 0
rhapp/internal/usecase/areas_estudo/get_area_estudo_by_id.go:32.2,32.18 1 0
rhapp/internal/usecase/areas_estudo/list_area_estudo.go:16.117,17.16 1 0
rhapp/internal/usecase/areas_estudo/list_area_estudo.go:17.16,19.3 1 0
rhapp/internal/usecase/areas_estudo/list_area_estudo.go:20.2,20.16 1 0
rhapp/internal/usecase/areas_estudo/list_area_estudo.go:20.16,22.3 1 0
rhapp/internal/usecase/areas_estudo/list_area_estudo.go:24.2,25.16 2 0
rhapp/internal/usecase/areas_estudo/list_area_estudo.go:25.16,27.3 1 0
rhapp/internal/usecase/areas_estudo/list_area_estudo.go:29.2,29.19 1 0
rhapp/internal/usecase/areas_estudo/search.go:15.121,18.2 2 0
rhapp/internal/usecase/areas_estudo/update_area_estudo.go:25.123,28.16 2 0
rhapp/internal/usecase/areas_estudo/update_area_estudo.go:28.16,30.3 1 0
rhapp/internal/usecase/areas_estudo/update_area_estudo.go:33.2,37.43 3 0
rhapp/internal/usecase/areas_estudo/update_area_estudo.go:37.43,39.17 2 0
rhapp/internal/usecase/areas_estudo/update_area_estudo.go:39.17,41.4 1 0
rhapp/internal/usecase/areas_estudo/update_area_estudo.go:42.3,42.13 1 0
rhapp/internal/usecase/areas_estudo/update_area_estudo.go:42.13,44.4 1 0
rhapp/internal/usecase/areas_estudo/update_area_estudo.go:45.3,45.22 1 0
rhapp/internal/usecase/areas_estudo/update_area_estudo.go:49.2,49.19 1 0
[...]
rhapp/internal/interfaces/handlers/dependent.go:156.49,159.16 3 0
rhapp/internal/interfaces/handlers/dependent.go:159.16,162.3 2 0
rhapp/internal/interfaces/handlers/dependent.go:164.2,164.62 1 0
rhapp/internal/interfaces/handlers/distrito.go:28.20,36.2 1 0
rhapp/internal/interfaces/handlers/distrito.go:49.50,51.49 2 0
rhapp/internal/interfaces/handlers/distrito.go:51.49,54.3 2 0
rhapp/internal/interfaces/handlers/distrito.go:56.2,57.16 2 0
rhapp/internal/interfaces/handlers/distrito.go:57.16,60.3 2 0
rhapp/internal/interfaces/handlers/distrito.go:62.2,66.16 2 0
rhapp/internal/interfaces/handlers/distrito.go:66.16,69.3 2 0
rhapp/internal/interfaces/handlers/distrito.go:70.2,70.64 1 0
rhapp/internal/interfaces/handlers/distrito.go:85.50,88.16 3 0
rhapp/internal/interfaces/handlers/distrito.go:88.16,91.3 2 0
rhapp/internal/interfaces/handlers/distrito.go:93.2,94.49 2 0
rhapp/internal/interfaces/handlers/distrito.go:94.49,97.3 2 0
rhapp/internal/interfaces/handlers/distrito.go:99.2,100.16 2 0
rhapp/internal/interfaces/handlers/distrito.go:100.16,103.3 2 0
rhapp/internal/interfaces/handlers/distrito.go:105.2,110.16 2 0
rhapp/internal/interfaces/handlers/distrito.go:110.16,113.3 2 0
rhapp/internal/interfaces/handlers/distrito.go:114.2,114.59 1 0
rhapp/internal/interfaces/handlers/distrito.go:127.50,130.16 3 0
rhapp/internal/interfaces/handlers/distrito.go:130.16,133.3 2 0
rhapp/internal/interfaces/handlers/distrito.go:134.2,134.104 1 0
rhapp/internal/interfaces/handlers/distrito.go:134.104,137.3 2 0
rhapp/internal/interfaces/handlers/distrito.go:138.2,138.32 1 0
rhapp/internal/interfaces/handlers/distrito.go:151.52,154.16 3 0
rhapp/internal/interfaces/handlers/distrito.go:154.16,157.3 2 0
rhapp/internal/interfaces/handlers/distrito.go:158.2,159.16 2 0
rhapp/internal/interfaces/handlers/distrito.go:159.16,162.3 2 0
rhapp/internal/interfaces/handlers/distrito.go:163.2,163.59 1 0
rhapp/internal/interfaces/handlers/distrito.go:174.48,177.16 3 0
rhapp/internal/interfaces/handlers/distrito.go:177.16,180.3 2 0
rhapp/internal/interfaces/handlers/distrito.go:181.2,181.65 1 0
rhapp/internal/interfaces/handlers/document.go:28.20,36.2 1 0
rhapp/internal/interfaces/handlers/document.go:38.50,40.49 2 0
rhapp/internal/interfaces/handlers/document.go:40.49,43.3 2 0
rhapp/internal/interfaces/handlers/document.go:45.2,46.16 2 0
rhapp/internal/interfaces/handlers/document.go:46.16,49.3 2 0
rhapp/internal/interfaces/handlers/document.go:51.2,51.61 1 0
rhapp/internal/interfaces/handlers/document.go:61.52,63.16 2 0
rhapp/internal/interfaces/handlers/document.go:63.16,66.3 2 0
rhapp/internal/interfaces/handlers/document.go:68.2,69.16 2 0
rhapp/internal/interfaces/handlers/document.go:69.16,72.3 2 0
rhapp/internal/interfaces/handlers/document.go:74.2,74.56 1 0
rhapp/internal/interfaces/handlers/document.go:84.48,88.16 3 0
rhapp/internal/interfaces/handlers/document.go:88.16,91.3 2 0
rhapp/internal/interfaces/handlers/document.go:93.2,93.61 1 0
rhapp/internal/interfaces/handlers/document.go:106.50,108.16 2 0
rhapp/internal/interfaces/handlers/document.go:108.16,111.3 2 0
rhapp/internal/interfaces/handlers/document.go:113.2,114.49 2 0
rhapp/internal/interfaces/handlers/document.go:114.49,117.3 2 0
rhapp/internal/interfaces/handlers/document.go:119.2,123.16 2 0
rhapp/internal/interfaces/handlers/document.go:123.16,126.3 2 0
rhapp/internal/interfaces/handlers/document.go:128.2,128.56 1 0
rhapp/internal/interfaces/handlers/document.go:138.50,140.16 2 0
rhapp/internal/interfaces/handlers/document.go:140.16,143.3 2 0
rhapp/internal/interfaces/handlers/document.go:145.2,145.68 1 0
rhapp/internal/interfaces/handlers/document.go:145.68,148.3 2 0
rhapp/internal/interfaces/handlers/document.go:150.2,150.32 1 0
rhapp/internal/interfaces/handlers/education.go:28.21,36.2 1 0
rhapp/internal/interfaces/handlers/education.go:38.51,40.49 2 0
rhapp/internal/interfaces/handlers/education.go:40.49,43.3 2 0
rhapp/internal/interfaces/handlers/education.go:45.2,46.16 2 0
rhapp/internal/interfaces/handlers/education.go:46.16,49.3 2 0
rhapp/internal/interfaces/handlers/education.go:51.2,52.16 2 0
rhapp/internal/interfaces/handlers/education.go:52.16,55.3 2 0
rhapp/internal/interfaces/handlers/education.go:57.2,58.16 2 0
rhapp/internal/interfaces/handlers/education.go:58.16,61.3 2 0
rhapp/internal/interfaces/handlers/education.go:63.2,64.16 2 0
rhapp/internal/interfaces/handlers/education.go:64.16,67.3 2 0
rhapp/internal/interfaces/handlers/education.go:69.2,78.16 2 0
rhapp/internal/interfaces/handlers/education.go:78.16,81.3 2 0
rhapp/internal/interfaces/handlers/education.go:83.2,83.65 1 0
rhapp/internal/interfaces/handlers/education.go:86.51,89.16 3 0
rhapp/internal/interfaces/handlers/education.go:89.16,92.3 2 0
rhapp/internal/interfaces/handlers/education.go:94.2,95.49 2 0
rhapp/internal/interfaces/handlers/education.go:95.49,98.3 2 0
rhapp/internal/interfaces/handlers/education.go:100.2,101.16 2 0
rhapp/internal/interfaces/handlers/education.go:101.16,104.3 2 0
rhapp/internal/interfaces/handlers/education.go:106.2,107.16 2 0
rhapp/internal/interfaces/handlers/education.go:107.16,110.3 2 0
rhapp/internal/interfaces/handlers/education.go:112.2,113.16 2 0
rhapp/internal/interfaces/handlers/education.go:113.16,116.3 2 0
rhapp/internal/interfaces/handlers/education.go:118.2,127.16 2 0
rhapp/internal/interfaces/handlers/education.go:127.16,130.3 2 0
rhapp/internal/interfaces/handlers/education.go:132.2,132.60 1 0
rhapp/internal/interfaces/handlers/education.go:135.51,137.16 2 0
rhapp/internal/interfaces/handlers/education.go:137.16,140.3 2 0
rhapp/internal/interfaces/handlers/education.go:142.2,142.68 1 0
rhapp/internal/interfaces/handlers/education.go:142.68,145.3 2 0
rhapp/internal/interfaces/handlers/education.go:146.2,146.32 1 0
rhapp/internal/interfaces/handlers/education.go:149.53,151.16 2 0
rhapp/internal/interfaces/handlers/education.go:151.16,154.3 2 0
rhapp/internal/interfaces/handlers/education.go:156.2,157.16 2 0
rhapp/internal/interfaces/handlers/education.go:157.16,160.3 2 0
rhapp/internal/interfaces/handlers/education.go:162.2,162.57 1 0
rhapp/internal/interfaces/handlers/education.go:165.49,167.16 2 0
rhapp/internal/interfaces/handlers/education.go:167.16,170.3 2 0
rhapp/internal/interfaces/handlers/education.go:171.2,174.16 3 0
rhapp/internal/interfaces/handlers/education.go:174.16,177.3 2 0
rhapp/internal/interfaces/handlers/education.go:178.2,178.61 1 0
rhapp/internal/interfaces/handlers/employee.go:27.57,35.2 1 0
rhapp/internal/interfaces/handlers/employee.go:47.50,49.49 2 0
rhapp/internal/interfaces/handlers/employee.go:49.49,52.3 2 0
rhapp/internal/interfaces/handlers/employee.go:53.2,56.16 2 0
rhapp/internal/interfaces/handlers/employee.go:56.16,59.3 2 0
rhapp/internal/interfaces/handlers/employee.go:60.2,60.64 1 0
rhapp/internal/interfaces/handlers/employee.go:63.50,66.16 3 0
rhapp/internal/interfaces/handlers/employee.go:66.16,69.3 2 0
rhapp/internal/interfaces/handlers/employee.go:70.2,71.49 2 0
rhapp/internal/interfaces/handlers/employee.go:71.49,74.3 2 0
rhapp/internal/interfaces/handlers/employee.go:75.2,76.16 2 0
rhapp/internal/interfaces/handlers/employee.go:76.16,79.3 2 0
rhapp/internal/interfaces/handlers/employee.go:80.2,80.59 1 0
rhapp/internal/interfaces/handlers/employee.go:83.50,86.16 3 0
rhapp/internal/interfaces/handlers/employee.go:86.16,89.3 2 0
rhapp/internal/interfaces/handlers/employee.go:90.2,90.69 1 0
rhapp/internal/interfaces/handlers/employee.go:90.69,93.3 2 0
rhapp/internal/interfaces/handlers/employee.go:94.2,94.32 1 0
rhapp/internal/interfaces/handlers/employee.go:97.52,100.16 3 0
rhapp/internal/interfaces/handlers/employee.go:100.16,103.3 2 0
rhapp/internal/interfaces/handlers/employee.go:104.2,105.16 2 0
rhapp/internal/interfaces/handlers/employee.go:105.16,108.3 2 0
rhapp/internal/interfaces/handlers/employee.go:109.2,109.59 1 0
rhapp/internal/interfaces/handlers/employee.go:112.48,115.16 3 0
rhapp/internal/interfaces/handlers/employee.go:115.16,118.3 2 0
rhapp/internal/interfaces/handlers/employee.go:119.2,119.63 1 0
rhapp/internal/interfaces/handlers/employee_status.go:26.84,34.2 1 0
rhapp/internal/interfaces/handlers/employee_status.go:44.56,46.49 2 0
rhapp/internal/interfaces/handlers/employee_status.go:46.49,49.3 2 0
rhapp/internal/interfaces/handlers/employee_status.go:50.2,51.16 2 0
rhapp/internal/interfaces/handlers/employee_status.go:51.16,54.3 2 0
rhapp/internal/interfaces/handlers/employee_status.go:55.2,55.36 1 0
rhapp/internal/interfaces/handlers/employee_status.go:67.56,70.16 3 0
rhapp/internal/interfaces/handlers/employee_status.go:70.16,73.3 2 0
rhapp/internal/interfaces/handlers/employee_status.go:75.2,76.49 2 0
rhapp/internal/interfaces/handlers/employee_status.go:76.49,79.3 2 0
rhapp/internal/interfaces/handlers/employee_status.go:80.2,83.16 3 0
rhapp/internal/interfaces/handlers/employee_status.go:83.16,86.3 2 0
rhapp/internal/interfaces/handlers/employee_status.go:87.2,87.31 1 0
rhapp/internal/interfaces/handlers/employee_status.go:96.56,98.16 2 0
rhapp/internal/interfaces/handlers/employee_status.go:98.16,101.3 2 0
rhapp/internal/interfaces/handlers/employee_status.go:102.2,102.68 1 0
rhapp/internal/interfaces/handlers/employee_status.go:102.68,105.3 2 0
rhapp/internal/interfaces/handlers/employee_status.go:106.2,106.32 1 0
rhapp/internal/interfaces/handlers/employee_status.go:115.58,117.16 2 0
rhapp/internal/interfaces/handlers/employee_status.go:117.16,120.3 2 0
rhapp/internal/interfaces/handlers/employee_status.go:121.2,122.16 2 0
rhapp/internal/interfaces/handlers/employee_status.go:122.16,125.3 2 0
rhapp/internal/interfaces/handlers/employee_status.go:126.2,126.31 1 0
rhapp/internal/interfaces/handlers/employee_status.go:137.64,139.16 2 0
rhapp/internal/interfaces/handlers/employee_status.go:139.16,142.3 2 0
rhapp/internal/interfaces/handlers/employee_status.go:143.2,146.16 3 0
rhapp/internal/interfaces/handlers/employee_status.go:146.16,149.3 2 0
rhapp/internal/interfaces/handlers/employee_status.go:150.2,150.31 1 0
rhapp/internal/interfaces/handlers/municipio.go:29.24,37.2 1 0
rhapp/internal/interfaces/handlers/municipio.go:50.54,52.49 2 0
rhapp/internal/interfaces/handlers/municipio.go:52.49,55.3 2 0
rhapp/internal/interfaces/handlers/municipio.go:57.2,58.16 2 0
rhapp/internal/interfaces/handlers/municipio.go:58.16,61.3 2 0
rhapp/internal/interfaces/handlers/municipio.go:63.2,67.16 2 0
rhapp/internal/interfaces/handlers/municipio.go:67.16,70.3 2 0
rhapp/internal/interfaces/handlers/municipio.go:71.2,71.65 1 0
rhapp/internal/interfaces/handlers/municipio.go:86.54,89.16 3 0
rhapp/internal/interfaces/handlers/municipio.go:89.16,92.3 2 0
rhapp/internal/interfaces/handlers/municipio.go:94.2,95.49 2 0
rhapp/internal/interfaces/handlers/municipio.go:95.49,98.3 2 0
rhapp/internal/interfaces/handlers/municipio.go:100.2,101.16 2 0
rhapp/internal/interfaces/handlers/municipio.go:101.16,104.3 2 0
rhapp/internal/interfaces/handlers/municipio.go:106.2,111.16 2 0
rhapp/internal/interfaces/handlers/municipio.go:111.16,114.3 2 0
rhapp/internal/interfaces/handlers/municipio.go:115.2,115.60 1 0
rhapp/internal/interfaces/handlers/municipio.go:128.54,131.16 3 0
rhapp/internal/interfaces/handlers/municipio.go:131.16,134.3 2 0
rhapp/internal/interfaces/handlers/municipio.go:135.2,135.69 1 0
rhapp/internal/interfaces/handlers/municipio.go:135.69,138.3 2 0
rhapp/internal/interfaces/handlers/municipio.go:139.2,139.32 1 0
rhapp/internal/interfaces/handlers/municipio.go:152.56,155.16 3 0
rhapp/internal/interfaces/handlers/municipio.go:155.16,158.3 2 0
rhapp/internal/interfaces/handlers/municipio.go:159.2,160.16 2 0
rhapp/internal/interfaces/handlers/municipio.go:160.16,163.3 2 0
rhapp/internal/interfaces/handlers/municipio.go:165.2,165.60 1 0
rhapp/internal/interfaces/handlers/municipio.go:176.52,179.16 3 0
rhapp/internal/interfaces/handlers/municipio.go:179.16,182.3 2 0
rhapp/internal/interfaces/handlers/municipio.go:183.2,183.66 1 0
rhapp/internal/interfaces/handlers/position.go:27.20,35.2 1 0
rhapp/internal/interfaces/handlers/position.go:48.50,50.49 2 0
rhapp/internal/interfaces/handlers/position.go:50.49,53.3 2 0
rhapp/internal/interfaces/handlers/position.go:55.2,56.16 2 0
rhapp/internal/interfaces/handlers/position.go:56.16,59.3 2 0
rhapp/internal/interfaces/handlers/position.go:61.2,65.16 2 0
rhapp/internal/interfaces/handlers/position.go:65.16,68.3 2 0
rhapp/internal/interfaces/handlers/position.go:70.2,70.66 1 0
rhapp/internal/interfaces/handlers/position.go:85.50,87.49 2 0
rhapp/internal/interfaces/handlers/position.go:87.49,90.3 2 0
rhapp/internal/interfaces/handlers/position.go:92.2,95.16 3 0
rhapp/internal/interfaces/handlers/position.go:95.16,98.3 2 0
rhapp/internal/interfaces/handlers/position.go:100.2,101.16 2 0
rhapp/internal/interfaces/handlers/position.go:101.16,104.3 2 0
rhapp/internal/interfaces/handlers/position.go:106.2,111.16 2 0
rhapp/internal/interfaces/handlers/position.go:111.16,114.3 2 0
rhapp/internal/interfaces/handlers/position.go:116.2,116.61 1 0
rhapp/internal/interfaces/handlers/position.go:129.50,132.16 3 0
rhapp/internal/interfaces/handlers/position.go:132.16,135.3 2 0
rhapp/internal/interfaces/handlers/position.go:137.2,138.16 2 0
rhapp/internal/interfaces/handlers/position.go:138.16,141.3 2 0
rhapp/internal/interfaces/handlers/position.go:143.2,143.32 1 0
rhapp/internal/interfaces/handlers/position.go:156.52,160.16 3 0
rhapp/internal/interfaces/handlers/position.go:160.16,163.3 2 0
rhapp/internal/interfaces/handlers/position.go:165.2,168.16 2 0
rhapp/internal/interfaces/handlers/position.go:168.16,171.3 2 0
rhapp/internal/interfaces/handlers/position.go:173.2,173.61 1 0
rhapp/internal/interfaces/handlers/position.go:184.51,187.16 3 0
rhapp/internal/interfaces/handlers/position.go:187.16,190.3 2 0
rhapp/internal/interfaces/handlers/position.go:192.2,192.61 1 0
rhapp/internal/interfaces/handlers/provincia.go:31.20,40.2 1 1
rhapp/internal/interfaces/handlers/provincia.go:54.50,58.61 2 1
rhapp/internal/interfaces/handlers/provincia.go:58.61,59.68 1 1
rhapp/internal/interfaces/handlers/provincia.go:59.68,67.4 3 1
rhapp/internal/interfaces/handlers/provincia.go:69.3,73.9 2 1
rhapp/internal/interfaces/handlers/provincia.go:76.2,79.16 4 1
rhapp/internal/interfaces/handlers/provincia.go:79.16,80.55 1 1
rhapp/internal/interfaces/handlers/provincia.go:80.55,83.4 2 1
rhapp/internal/interfaces/handlers/provincia.go:85.3,90.9 3 1
rhapp/internal/interfaces/handlers/provincia.go:93.2,93.66 1 1
rhapp/internal/interfaces/handlers/provincia.go:108.50,110.47 2 0
rhapp/internal/interfaces/handlers/provincia.go:110.47,113.3 2 0
rhapp/internal/interfaces/handlers/provincia.go:115.2,118.16 3 0
rhapp/internal/interfaces/handlers/provincia.go:118.16,121.3 2 0
rhapp/internal/interfaces/handlers/provincia.go:123.2,129.16 3 0
rhapp/internal/interfaces/handlers/provincia.go:129.16,132.3 2 0
rhapp/internal/interfaces/handlers/provincia.go:134.2,134.61 1 0
rhapp/internal/interfaces/handlers/provincia.go:147.50,151.16 3 0
rhapp/internal/interfaces/handlers/provincia.go:151.16,154.3 2 0
rhapp/internal/interfaces/handlers/provincia.go:156.2,157.16 2 0
rhapp/internal/interfaces/handlers/provincia.go:157.16,160.3 2 0
rhapp/internal/interfaces/handlers/provincia.go:162.2,162.32 1 0
rhapp/internal/interfaces/handlers/provincia.go:175.51,179.16 3 0
rhapp/internal/interfaces/handlers/provincia.go:179.16,182.3 2 0
rhapp/internal/interfaces/handlers/provincia.go:184.2,185.16 2 0
rhapp/internal/interfaces/handlers/provincia.go:185.16,188.3 2 0
rhapp/internal/interfaces/handlers/provincia.go:190.2,190.61 1 0
rhapp/internal/interfaces/handlers/provincia.go:201.48,204.16 3 0
rhapp/internal/interfaces/handlers/provincia.go:204.16,207.3 2 0
rhapp/internal/interfaces/handlers/provincia.go:209.2,209.61 1 0
rhapp/internal/interfaces/handlers/provincia.go:225.59,228.16 3 0
rhapp/internal/interfaces/handlers/provincia.go:228.16,231.3 2 0
rhapp/internal/interfaces/handlers/provincia.go:232.2,232.64 1 0
rhapp/internal/interfaces/handlers/supervisor.go:28.22,36.2 1 0
rhapp/internal/interfaces/handlers/supervisor.go:38.52,40.49 2 0
rhapp/internal/interfaces/handlers/supervisor.go:40.49,43.3 2 0
rhapp/internal/interfaces/handlers/supervisor.go:44.2,45.16 2 0
rhapp/internal/interfaces/handlers/supervisor.go:45.16,48.3 2 0
rhapp/internal/interfaces/handlers/supervisor.go:49.2,49.36 1 0
rhapp/internal/interfaces/handlers/supervisor.go:52.52,55.16 3 0
rhapp/internal/interfaces/handlers/supervisor.go:55.16,58.3 2 0
rhapp/internal/interfaces/handlers/supervisor.go:59.2,60.47 2 0
rhapp/internal/interfaces/handlers/supervisor.go:60.47,63.3 2 0
rhapp/internal/interfaces/handlers/supervisor.go:65.2,66.16 2 0
rhapp/internal/interfaces/handlers/supervisor.go:66.16,69.3 2 0
rhapp/internal/interfaces/handlers/supervisor.go:71.2,72.16 2 0
rhapp/internal/interfaces/handlers/supervisor.go:72.16,75.3 2 0
rhapp/internal/interfaces/handlers/supervisor.go:77.2,78.16 2 0
rhapp/internal/interfaces/handlers/supervisor.go:78.16,81.3 2 0
rhapp/internal/interfaces/handlers/supervisor.go:83.2,85.16 3 0
rhapp/internal/interfaces/handlers/supervisor.go:85.16,88.3 2 0
rhapp/internal/interfaces/handlers/supervisor.go:89.2,89.31 1 0
rhapp/internal/interfaces/handlers/supervisor.go:92.52,95.16 3 0
rhapp/internal/interfaces/handlers/supervisor.go:95.16,98.3 2 0
rhapp/internal/interfaces/handlers/supervisor.go:99.2,99.68 1 0
rhapp/internal/interfaces/handlers/supervisor.go:99.68,102.3 2 0
rhapp/internal/interfaces/handlers/supervisor.go:103.2,103.32 1 0
rhapp/internal/interfaces/handlers/supervisor.go:106.54,109.16 3 0
rhapp/internal/interfaces/handlers/supervisor.go:109.16,112.3 2 0
rhapp/internal/interfaces/handlers/supervisor.go:113.2,114.16 2 0
rhapp/internal/interfaces/handlers/supervisor.go:114.16,117.3 2 0
rhapp/internal/interfaces/handlers/supervisor.go:118.2,118.31 1 0
rhapp/internal/interfaces/handlers/supervisor.go:121.60,124.16 3 0
rhapp/internal/interfaces/handlers/supervisor.go:124.16,127.3 2 0
rhapp/internal/interfaces/handlers/supervisor.go:128.2,131.16 4 0
rhapp/internal/interfaces/handlers/supervisor.go:131.16,134.3 2 0
rhapp/internal/interfaces/handlers/supervisor.go:135.2,135.29 1 0
rhapp/internal/interfaces/handlers/work.go:28.16,36.2 1 0
rhapp/internal/interfaces/handlers/work.go:47.46,49.47 2 0
rhapp/internal/interfaces/handlers/work.go:49.47,52.3 2 0
rhapp/internal/interfaces/handlers/work.go:53.2,54.16 2 0
rhapp/internal/interfaces/handlers/work.go:54.16,57.3 2 0
rhapp/internal/interfaces/handlers/work.go:58.2,59.16 2 0
rhapp/internal/interfaces/handlers/work.go:59.16,62.3 2 0
rhapp/internal/interfaces/handlers/work.go:63.2,63.61 1 0
rhapp/internal/interfaces/handlers/work.go:76.46,79.16 3 0
rhapp/internal/interfaces/handlers/work.go:79.16,82.3 2 0
rhapp/internal/interfaces/handlers/work.go:83.2,84.47 2 0
rhapp/internal/interfaces/handlers/work.go:84.47,87.3 2 0
rhapp/internal/interfaces/handlers/work.go:88.2,89.16 2 0
rhapp/internal/interfaces/handlers/work.go:89.16,92.3 2 0
rhapp/internal/interfaces/handlers/work.go:93.2,93.56 1 0
rhapp/internal/interfaces/handlers/work.go:104.46,107.16 3 0
rhapp/internal/interfaces/handlers/work.go:107.16,110.3 2 0
rhapp/internal/interfaces/handlers/work.go:111.2,111.68 1 0
rhapp/internal/interfaces/handlers/work.go:111.68,114.3 2 0
rhapp/internal/interfaces/handlers/work.go:115.2,115.32 1 0
rhapp/internal/interfaces/handlers/work.go:126.48,129.16 3 0
rhapp/internal/interfaces/handlers/work.go:129.16,132.3 2 0
rhapp/internal/interfaces/handlers/work.go:133.2,134.16 2 0
rhapp/internal/interfaces/handlers/work.go:134.16,137.3 2 0
rhapp/internal/interfaces/handlers/work.go:138.2,138.53 1 0
rhapp/internal/interfaces/handlers/work.go:151.54,154.16 3 0
rhapp/internal/interfaces/handlers/work.go:154.16,157.3 2 0
rhapp/internal/interfaces/handlers/work.go:158.2,162.16 4 0
rhapp/internal/interfaces/handlers/work.go:162.16,165.3 2 0
rhapp/internal/interfaces/handlers/work.go:166.2,166.57 1 0
